{"D:\\zarish-fatima-mern-10pshine\\frontend\\postcss.config.js": {"path":"D:\\zarish-fatima-mern-10pshine\\frontend\\postcss.config.js","all":true,"statementMap":{"0":{"start":{"line":1,"column":0},"end":{"line":1,"column":16}},"1":{"start":{"line":2,"column":0},"end":{"line":2,"column":12}},"2":{"start":{"line":3,"column":0},"end":{"line":3,"column":20}},"3":{"start":{"line":4,"column":0},"end":{"line":4,"column":21}},"4":{"start":{"line":5,"column":0},"end":{"line":5,"column":4}},"5":{"start":{"line":6,"column":0},"end":{"line":6,"column":2}}},"s":{"0":0,"1":0,"2":0,"3":0,"4":0,"5":0},"branchMap":{"0":{"type":"branch","line":1,"loc":{"start":{"line":1,"column":0},"end":{"line":6,"column":-12}},"locations":[{"start":{"line":1,"column":0},"end":{"line":6,"column":-12}}]}},"b":{"0":[0]},"fnMap":{"0":{"name":"(empty-report)","decl":{"start":{"line":1,"column":0},"end":{"line":6,"column":-12}},"loc":{"start":{"line":1,"column":0},"end":{"line":6,"column":-12}},"line":1}},"f":{"0":0}}
,"D:\\zarish-fatima-mern-10pshine\\frontend\\tailwind.config.js": {"path":"D:\\zarish-fatima-mern-10pshine\\frontend\\tailwind.config.js","all":true,"statementMap":{"0":{"start":{"line":1,"column":0},"end":{"line":1,"column":43}},"1":{"start":{"line":2,"column":0},"end":{"line":2,"column":16}},"2":{"start":{"line":3,"column":0},"end":{"line":3,"column":58}},"3":{"start":{"line":4,"column":0},"end":{"line":4,"column":10}},"4":{"start":{"line":5,"column":0},"end":{"line":5,"column":15}},"5":{"start":{"line":6,"column":0},"end":{"line":6,"column":4}},"6":{"start":{"line":7,"column":0},"end":{"line":7,"column":14}},"7":{"start":{"line":8,"column":0},"end":{"line":8,"column":2}}},"s":{"0":0,"1":0,"2":0,"3":0,"4":0,"5":0,"6":0,"7":0},"branchMap":{"0":{"type":"branch","line":1,"loc":{"start":{"line":1,"column":0},"end":{"line":8,"column":-7}},"locations":[{"start":{"line":1,"column":0},"end":{"line":8,"column":-7}}]}},"b":{"0":[0]},"fnMap":{"0":{"name":"(empty-report)","decl":{"start":{"line":1,"column":0},"end":{"line":8,"column":-7}},"loc":{"start":{"line":1,"column":0},"end":{"line":8,"column":-7}},"line":1}},"f":{"0":0}}
,"D:\\zarish-fatima-mern-10pshine\\frontend\\src\\App.jsx": {"path":"D:\\zarish-fatima-mern-10pshine\\frontend\\src\\App.jsx","all":true,"statementMap":{"0":{"start":{"line":1,"column":0},"end":{"line":1,"column":26}},"1":{"start":{"line":2,"column":0},"end":{"line":2,"column":84}},"2":{"start":{"line":3,"column":0},"end":{"line":3,"column":36}},"3":{"start":{"line":4,"column":0},"end":{"line":4,"column":34}},"4":{"start":{"line":5,"column":0},"end":{"line":5,"column":57}},"5":{"start":{"line":6,"column":0},"end":{"line":6,"column":42}},"6":{"start":{"line":7,"column":0},"end":{"line":7,"column":38}},"7":{"start":{"line":8,"column":0},"end":{"line":8,"column":38}},"8":{"start":{"line":9,"column":0},"end":{"line":9,"column":44}},"9":{"start":{"line":10,"column":0},"end":{"line":10,"column":40}},"12":{"start":{"line":13,"column":0},"end":{"line":13,"column":16}},"13":{"start":{"line":14,"column":0},"end":{"line":14,"column":10}},"14":{"start":{"line":15,"column":0},"end":{"line":15,"column":12}},"15":{"start":{"line":16,"column":0},"end":{"line":16,"column":14}},"16":{"start":{"line":17,"column":0},"end":{"line":17,"column":76}},"17":{"start":{"line":18,"column":0},"end":{"line":18,"column":51}},"18":{"start":{"line":19,"column":0},"end":{"line":19,"column":53}},"19":{"start":{"line":20,"column":0},"end":{"line":20,"column":70}},"20":{"start":{"line":21,"column":0},"end":{"line":21,"column":77}},"21":{"start":{"line":22,"column":0},"end":{"line":22,"column":59}},"22":{"start":{"line":23,"column":0},"end":{"line":23,"column":55}},"23":{"start":{"line":24,"column":0},"end":{"line":24,"column":55}},"24":{"start":{"line":25,"column":0},"end":{"line":25,"column":86}},"25":{"start":{"line":26,"column":0},"end":{"line":26,"column":87}},"26":{"start":{"line":27,"column":0},"end":{"line":27,"column":54}},"29":{"start":{"line":30,"column":0},"end":{"line":30,"column":15}},"30":{"start":{"line":31,"column":0},"end":{"line":31,"column":13}},"32":{"start":{"line":33,"column":0},"end":{"line":33,"column":1}},"34":{"start":{"line":35,"column":0},"end":{"line":35,"column":19}}},"s":{"0":0,"1":0,"2":0,"3":0,"4":0,"5":0,"6":0,"7":0,"8":0,"9":0,"12":0,"13":0,"14":0,"15":0,"16":0,"17":0,"18":0,"19":0,"20":0,"21":0,"22":0,"23":0,"24":0,"25":0,"26":0,"29":0,"30":0,"32":0,"34":0},"branchMap":{"0":{"type":"branch","line":1,"loc":{"start":{"line":1,"column":0},"end":{"line":35,"column":-817}},"locations":[{"start":{"line":1,"column":0},"end":{"line":35,"column":-817}}]}},"b":{"0":[0]},"fnMap":{"0":{"name":"(empty-report)","decl":{"start":{"line":1,"column":0},"end":{"line":35,"column":-817}},"loc":{"start":{"line":1,"column":0},"end":{"line":35,"column":-817}},"line":1}},"f":{"0":0}}
,"D:\\zarish-fatima-mern-10pshine\\frontend\\src\\main.jsx": {"path":"D:\\zarish-fatima-mern-10pshine\\frontend\\src\\main.jsx","all":true,"statementMap":{"0":{"start":{"line":1,"column":0},"end":{"line":1,"column":26}},"1":{"start":{"line":2,"column":0},"end":{"line":2,"column":40}},"2":{"start":{"line":3,"column":0},"end":{"line":3,"column":28}},"3":{"start":{"line":4,"column":0},"end":{"line":4,"column":21}},"5":{"start":{"line":6,"column":0},"end":{"line":6,"column":60}},"6":{"start":{"line":7,"column":0},"end":{"line":7,"column":20}},"7":{"start":{"line":8,"column":0},"end":{"line":8,"column":11}},"8":{"start":{"line":9,"column":0},"end":{"line":9,"column":21}},"9":{"start":{"line":10,"column":0},"end":{"line":10,"column":2}}},"s":{"0":0,"1":0,"2":0,"3":0,"5":0,"6":0,"7":0,"8":0,"9":0},"branchMap":{"0":{"type":"branch","line":1,"loc":{"start":{"line":1,"column":247},"end":{"line":10,"column":2}},"locations":[{"start":{"line":1,"column":247},"end":{"line":10,"column":2}}]}},"b":{"0":[0]},"fnMap":{"0":{"name":"(empty-report)","decl":{"start":{"line":1,"column":247},"end":{"line":10,"column":2}},"loc":{"start":{"line":1,"column":247},"end":{"line":10,"column":2}},"line":1}},"f":{"0":0}}
,"D:\\zarish-fatima-mern-10pshine\\frontend\\src\\components\\Button.jsx": {"path":"D:\\zarish-fatima-mern-10pshine\\frontend\\src\\components\\Button.jsx","all":false,"statementMap":{"0":{"start":{"line":1,"column":0},"end":{"line":1,"column":26}},"1":{"start":{"line":2,"column":0},"end":{"line":2,"column":39}},"3":{"start":{"line":4,"column":0},"end":{"line":4,"column":17}},"4":{"start":{"line":5,"column":0},"end":{"line":5,"column":11}},"5":{"start":{"line":6,"column":0},"end":{"line":6,"column":10}},"6":{"start":{"line":7,"column":0},"end":{"line":7,"column":18}},"7":{"start":{"line":8,"column":0},"end":{"line":8,"column":58}},"8":{"start":{"line":9,"column":0},"end":{"line":9,"column":17}},"9":{"start":{"line":10,"column":0},"end":{"line":10,"column":19}},"10":{"start":{"line":11,"column":0},"end":{"line":11,"column":10}},"11":{"start":{"line":12,"column":0},"end":{"line":12,"column":7}},"13":{"start":{"line":14,"column":0},"end":{"line":14,"column":20}},"14":{"start":{"line":15,"column":0},"end":{"line":15,"column":58}},"15":{"start":{"line":16,"column":0},"end":{"line":16,"column":58}},"16":{"start":{"line":17,"column":0},"end":{"line":17,"column":83}},"17":{"start":{"line":18,"column":0},"end":{"line":18,"column":4}},"19":{"start":{"line":20,"column":0},"end":{"line":20,"column":10}},"20":{"start":{"line":21,"column":0},"end":{"line":21,"column":18}},"21":{"start":{"line":22,"column":0},"end":{"line":22,"column":17}},"22":{"start":{"line":23,"column":0},"end":{"line":23,"column":23}},"23":{"start":{"line":24,"column":0},"end":{"line":24,"column":25}},"24":{"start":{"line":25,"column":0},"end":{"line":25,"column":110}},"25":{"start":{"line":26,"column":0},"end":{"line":26,"column":34}},"26":{"start":{"line":27,"column":0},"end":{"line":27,"column":32}},"27":{"start":{"line":28,"column":0},"end":{"line":28,"column":16}},"29":{"start":{"line":30,"column":0},"end":{"line":30,"column":16}},"30":{"start":{"line":31,"column":0},"end":{"line":31,"column":20}},"32":{"start":{"line":33,"column":0},"end":{"line":33,"column":2}},"34":{"start":{"line":35,"column":0},"end":{"line":35,"column":22}}},"s":{"0":1,"1":1,"3":1,"4":89,"5":89,"6":89,"7":89,"8":89,"9":89,"10":89,"11":89,"13":89,"14":89,"15":89,"16":89,"17":89,"19":89,"20":89,"21":89,"22":89,"23":89,"24":89,"25":89,"26":89,"27":89,"29":89,"30":89,"32":89,"34":1},"branchMap":{"0":{"type":"branch","line":4,"loc":{"start":{"line":4,"column":15},"end":{"line":33,"column":2}},"locations":[{"start":{"line":4,"column":15},"end":{"line":33,"column":2}}]}},"b":{"0":[89]},"fnMap":{"0":{"name":"Button","decl":{"start":{"line":4,"column":15},"end":{"line":33,"column":2}},"loc":{"start":{"line":4,"column":15},"end":{"line":33,"column":2}},"line":4}},"f":{"0":89}}
,"D:\\zarish-fatima-mern-10pshine\\frontend\\src\\components\\ForgetPassword.jsx": {"path":"D:\\zarish-fatima-mern-10pshine\\frontend\\src\\components\\ForgetPassword.jsx","all":false,"statementMap":{"0":{"start":{"line":1,"column":0},"end":{"line":1,"column":29}},"96":{"start":{"line":97,"column":0},"end":{"line":97,"column":40}},"97":{"start":{"line":98,"column":0},"end":{"line":98,"column":35}},"98":{"start":{"line":99,"column":0},"end":{"line":99,"column":58}},"99":{"start":{"line":100,"column":0},"end":{"line":100,"column":43}},"101":{"start":{"line":102,"column":0},"end":{"line":102,"column":42}},"103":{"start":{"line":104,"column":0},"end":{"line":104,"column":30}},"104":{"start":{"line":105,"column":0},"end":{"line":105,"column":32}},"105":{"start":{"line":106,"column":0},"end":{"line":106,"column":33}},"106":{"start":{"line":107,"column":0},"end":{"line":107,"column":58}},"108":{"start":{"line":109,"column":0},"end":{"line":109,"column":28}},"109":{"start":{"line":110,"column":0},"end":{"line":110,"column":60}},"110":{"start":{"line":111,"column":0},"end":{"line":111,"column":27}},"111":{"start":{"line":112,"column":0},"end":{"line":112,"column":24}},"112":{"start":{"line":113,"column":0},"end":{"line":113,"column":18}},"113":{"start":{"line":114,"column":0},"end":{"line":114,"column":70}},"114":{"start":{"line":115,"column":0},"end":{"line":115,"column":31}},"115":{"start":{"line":116,"column":0},"end":{"line":116,"column":51}},"116":{"start":{"line":117,"column":0},"end":{"line":117,"column":58}},"117":{"start":{"line":118,"column":0},"end":{"line":118,"column":27}},"118":{"start":{"line":119,"column":0},"end":{"line":119,"column":97}},"119":{"start":{"line":120,"column":0},"end":{"line":120,"column":9}},"120":{"start":{"line":121,"column":0},"end":{"line":121,"column":14}},"121":{"start":{"line":122,"column":0},"end":{"line":122,"column":28}},"122":{"start":{"line":123,"column":0},"end":{"line":123,"column":45}},"123":{"start":{"line":124,"column":0},"end":{"line":124,"column":56}},"124":{"start":{"line":125,"column":0},"end":{"line":125,"column":49}},"125":{"start":{"line":126,"column":0},"end":{"line":126,"column":9}},"126":{"start":{"line":127,"column":0},"end":{"line":127,"column":7}},"127":{"start":{"line":128,"column":0},"end":{"line":128,"column":20}},"128":{"start":{"line":129,"column":0},"end":{"line":129,"column":6}},"130":{"start":{"line":131,"column":0},"end":{"line":131,"column":63}},"131":{"start":{"line":132,"column":0},"end":{"line":132,"column":11}},"132":{"start":{"line":133,"column":0},"end":{"line":133,"column":20}},"133":{"start":{"line":134,"column":0},"end":{"line":134,"column":34}},"134":{"start":{"line":135,"column":0},"end":{"line":135,"column":69}},"135":{"start":{"line":136,"column":0},"end":{"line":136,"column":13}},"136":{"start":{"line":137,"column":0},"end":{"line":137,"column":29}},"137":{"start":{"line":138,"column":0},"end":{"line":138,"column":62}},"138":{"start":{"line":139,"column":0},"end":{"line":139,"column":43}},"139":{"start":{"line":140,"column":0},"end":{"line":140,"column":13}},"140":{"start":{"line":141,"column":0},"end":{"line":141,"column":12}},"141":{"start":{"line":142,"column":0},"end":{"line":142,"column":40}},"142":{"start":{"line":143,"column":0},"end":{"line":143,"column":34}},"143":{"start":{"line":144,"column":0},"end":{"line":144,"column":65}},"144":{"start":{"line":145,"column":0},"end":{"line":145,"column":16}},"145":{"start":{"line":146,"column":0},"end":{"line":146,"column":34}},"146":{"start":{"line":147,"column":0},"end":{"line":147,"column":61}},"147":{"start":{"line":148,"column":0},"end":{"line":148,"column":13}},"148":{"start":{"line":149,"column":0},"end":{"line":149,"column":29}},"149":{"start":{"line":150,"column":0},"end":{"line":150,"column":62}},"150":{"start":{"line":151,"column":0},"end":{"line":151,"column":43}},"151":{"start":{"line":152,"column":0},"end":{"line":152,"column":13}},"152":{"start":{"line":153,"column":0},"end":{"line":153,"column":12}},"153":{"start":{"line":154,"column":0},"end":{"line":154,"column":40}},"154":{"start":{"line":155,"column":0},"end":{"line":155,"column":34}},"155":{"start":{"line":156,"column":0},"end":{"line":156,"column":9}},"156":{"start":{"line":157,"column":0},"end":{"line":157,"column":21}},"157":{"start":{"line":158,"column":0},"end":{"line":158,"column":27}},"158":{"start":{"line":159,"column":0},"end":{"line":159,"column":42}},"159":{"start":{"line":160,"column":0},"end":{"line":160,"column":17}},"160":{"start":{"line":161,"column":0},"end":{"line":161,"column":29}},"161":{"start":{"line":162,"column":0},"end":{"line":162,"column":7}},"162":{"start":{"line":163,"column":0},"end":{"line":163,"column":6}},"163":{"start":{"line":164,"column":0},"end":{"line":164,"column":5}},"165":{"start":{"line":166,"column":0},"end":{"line":166,"column":10}},"166":{"start":{"line":167,"column":0},"end":{"line":167,"column":87}},"167":{"start":{"line":168,"column":0},"end":{"line":168,"column":11}},"168":{"start":{"line":169,"column":0},"end":{"line":169,"column":38}},"169":{"start":{"line":170,"column":0},"end":{"line":170,"column":71}},"171":{"start":{"line":172,"column":0},"end":{"line":172,"column":54}},"172":{"start":{"line":173,"column":0},"end":{"line":173,"column":56}},"173":{"start":{"line":174,"column":0},"end":{"line":174,"column":13}},"175":{"start":{"line":176,"column":0},"end":{"line":176,"column":18}},"176":{"start":{"line":177,"column":0},"end":{"line":177,"column":36}},"177":{"start":{"line":178,"column":0},"end":{"line":178,"column":18}},"178":{"start":{"line":179,"column":0},"end":{"line":179,"column":55}},"179":{"start":{"line":180,"column":0},"end":{"line":180,"column":29}},"180":{"start":{"line":181,"column":0},"end":{"line":181,"column":46}},"181":{"start":{"line":182,"column":0},"end":{"line":182,"column":44}},"182":{"start":{"line":183,"column":0},"end":{"line":183,"column":44}},"183":{"start":{"line":184,"column":0},"end":{"line":184,"column":55}},"184":{"start":{"line":185,"column":0},"end":{"line":185,"column":14}},"185":{"start":{"line":186,"column":0},"end":{"line":186,"column":17}},"186":{"start":{"line":187,"column":0},"end":{"line":187,"column":77}},"187":{"start":{"line":188,"column":0},"end":{"line":188,"column":60}},"189":{"start":{"line":190,"column":0},"end":{"line":190,"column":69}},"190":{"start":{"line":191,"column":0},"end":{"line":191,"column":19}},"191":{"start":{"line":192,"column":0},"end":{"line":192,"column":40}},"192":{"start":{"line":193,"column":0},"end":{"line":193,"column":78}},"194":{"start":{"line":195,"column":0},"end":{"line":195,"column":16}},"196":{"start":{"line":197,"column":0},"end":{"line":197,"column":15}},"197":{"start":{"line":198,"column":0},"end":{"line":198,"column":18}},"198":{"start":{"line":199,"column":0},"end":{"line":199,"column":26}},"199":{"start":{"line":200,"column":0},"end":{"line":200,"column":26}},"200":{"start":{"line":201,"column":0},"end":{"line":201,"column":44}},"201":{"start":{"line":202,"column":0},"end":{"line":202,"column":44}},"202":{"start":{"line":203,"column":0},"end":{"line":203,"column":41}},"203":{"start":{"line":204,"column":0},"end":{"line":204,"column":55}},"204":{"start":{"line":205,"column":0},"end":{"line":205,"column":14}},"205":{"start":{"line":206,"column":0},"end":{"line":206,"column":37}},"206":{"start":{"line":207,"column":0},"end":{"line":207,"column":75}},"208":{"start":{"line":209,"column":0},"end":{"line":209,"column":16}},"211":{"start":{"line":212,"column":0},"end":{"line":212,"column":15}},"212":{"start":{"line":213,"column":0},"end":{"line":213,"column":23}},"213":{"start":{"line":214,"column":0},"end":{"line":214,"column":40}},"214":{"start":{"line":215,"column":0},"end":{"line":215,"column":27}},"215":{"start":{"line":216,"column":0},"end":{"line":216,"column":41}},"217":{"start":{"line":218,"column":0},"end":{"line":218,"column":30}},"218":{"start":{"line":219,"column":0},"end":{"line":219,"column":19}},"219":{"start":{"line":220,"column":0},"end":{"line":220,"column":30}},"220":{"start":{"line":221,"column":0},"end":{"line":221,"column":28}},"221":{"start":{"line":222,"column":0},"end":{"line":222,"column":19}},"222":{"start":{"line":223,"column":0},"end":{"line":223,"column":30}},"223":{"start":{"line":224,"column":0},"end":{"line":224,"column":32}},"224":{"start":{"line":225,"column":0},"end":{"line":225,"column":17}},"226":{"start":{"line":227,"column":0},"end":{"line":227,"column":27}},"227":{"start":{"line":228,"column":0},"end":{"line":228,"column":79}},"229":{"start":{"line":230,"column":0},"end":{"line":230,"column":13}},"230":{"start":{"line":231,"column":0},"end":{"line":231,"column":10}},"232":{"start":{"line":233,"column":0},"end":{"line":233,"column":2}},"234":{"start":{"line":235,"column":0},"end":{"line":235,"column":30}}},"s":{"0":1,"96":1,"97":1,"98":1,"99":1,"101":1,"103":1,"104":23,"105":23,"106":23,"108":23,"109":23,"110":23,"111":7,"112":7,"113":4,"114":4,"115":0,"116":4,"117":2,"118":2,"119":2,"120":7,"121":3,"122":1,"123":3,"124":0,"125":0,"126":3,"127":7,"128":7,"130":23,"131":2,"132":2,"133":1,"134":1,"135":1,"136":1,"137":1,"138":1,"139":1,"140":1,"141":1,"142":1,"143":1,"144":1,"145":1,"146":1,"147":1,"148":1,"149":1,"150":1,"151":1,"152":1,"153":1,"154":1,"155":1,"156":2,"157":0,"158":0,"159":2,"160":2,"161":2,"162":2,"163":23,"165":23,"166":23,"167":23,"168":23,"169":23,"171":23,"172":23,"173":23,"175":23,"176":12,"177":12,"178":12,"179":12,"180":12,"181":12,"182":12,"183":12,"184":12,"185":12,"186":12,"187":12,"189":12,"190":12,"191":12,"192":2,"194":12,"196":11,"197":11,"198":11,"199":11,"200":11,"201":11,"202":11,"203":11,"204":11,"205":11,"206":2,"208":11,"211":23,"212":23,"213":23,"214":23,"215":23,"217":23,"218":8,"219":4,"220":4,"221":15,"222":8,"223":7,"224":23,"226":23,"227":4,"229":23,"230":23,"232":23,"234":1},"branchMap":{"0":{"type":"branch","line":104,"loc":{"start":{"line":104,"column":23},"end":{"line":233,"column":2}},"locations":[{"start":{"line":104,"column":23},"end":{"line":233,"column":2}}]},"1":{"type":"branch","line":110,"loc":{"start":{"line":110,"column":19},"end":{"line":110,"column":46}},"locations":[{"start":{"line":110,"column":19},"end":{"line":110,"column":46}}]},"2":{"type":"branch","line":110,"loc":{"start":{"line":110,"column":42},"end":{"line":110,"column":60}},"locations":[{"start":{"line":110,"column":42},"end":{"line":110,"column":60}}]},"3":{"type":"branch","line":173,"loc":{"start":{"line":173,"column":11},"end":{"line":173,"column":38}},"locations":[{"start":{"line":173,"column":11},"end":{"line":173,"column":38}}]},"4":{"type":"branch","line":173,"loc":{"start":{"line":173,"column":19},"end":{"line":173,"column":56}},"locations":[{"start":{"line":173,"column":19},"end":{"line":173,"column":56}}]},"5":{"type":"branch","line":176,"loc":{"start":{"line":176,"column":9},"end":{"line":195,"column":16}},"locations":[{"start":{"line":176,"column":9},"end":{"line":195,"column":16}}]},"6":{"type":"branch","line":179,"loc":{"start":{"line":179,"column":20},"end":{"line":179,"column":44}},"locations":[{"start":{"line":179,"column":20},"end":{"line":179,"column":44}}]},"7":{"type":"branch","line":190,"loc":{"start":{"line":190,"column":13},"end":{"line":190,"column":51}},"locations":[{"start":{"line":190,"column":13},"end":{"line":190,"column":51}}]},"8":{"type":"branch","line":192,"loc":{"start":{"line":192,"column":27},"end":{"line":193,"column":78}},"locations":[{"start":{"line":192,"column":27},"end":{"line":193,"column":78}}]},"9":{"type":"branch","line":195,"loc":{"start":{"line":195,"column":10},"end":{"line":209,"column":16}},"locations":[{"start":{"line":195,"column":10},"end":{"line":209,"column":16}}]},"10":{"type":"branch","line":206,"loc":{"start":{"line":206,"column":27},"end":{"line":207,"column":75}},"locations":[{"start":{"line":206,"column":27},"end":{"line":207,"column":75}}]},"11":{"type":"branch","line":218,"loc":{"start":{"line":218,"column":18},"end":{"line":221,"column":28}},"locations":[{"start":{"line":218,"column":18},"end":{"line":221,"column":28}}]},"12":{"type":"branch","line":219,"loc":{"start":{"line":219,"column":14},"end":{"line":220,"column":30}},"locations":[{"start":{"line":219,"column":14},"end":{"line":220,"column":30}}]},"13":{"type":"branch","line":220,"loc":{"start":{"line":220,"column":16},"end":{"line":221,"column":28}},"locations":[{"start":{"line":220,"column":16},"end":{"line":221,"column":28}}]},"14":{"type":"branch","line":221,"loc":{"start":{"line":221,"column":16},"end":{"line":224,"column":32}},"locations":[{"start":{"line":221,"column":16},"end":{"line":224,"column":32}}]},"15":{"type":"branch","line":222,"loc":{"start":{"line":222,"column":14},"end":{"line":223,"column":30}},"locations":[{"start":{"line":222,"column":14},"end":{"line":223,"column":30}}]},"16":{"type":"branch","line":223,"loc":{"start":{"line":223,"column":14},"end":{"line":224,"column":32}},"locations":[{"start":{"line":223,"column":14},"end":{"line":224,"column":32}}]},"17":{"type":"branch","line":227,"loc":{"start":{"line":227,"column":16},"end":{"line":228,"column":79}},"locations":[{"start":{"line":227,"column":16},"end":{"line":228,"column":79}}]},"18":{"type":"branch","line":111,"loc":{"start":{"line":111,"column":14},"end":{"line":129,"column":6}},"locations":[{"start":{"line":111,"column":14},"end":{"line":129,"column":6}}]},"19":{"type":"branch","line":113,"loc":{"start":{"line":113,"column":17},"end":{"line":121,"column":13}},"locations":[{"start":{"line":113,"column":17},"end":{"line":121,"column":13}}]},"20":{"type":"branch","line":115,"loc":{"start":{"line":115,"column":30},"end":{"line":117,"column":19}},"locations":[{"start":{"line":115,"column":30},"end":{"line":117,"column":19}}]},"21":{"type":"branch","line":117,"loc":{"start":{"line":117,"column":57},"end":{"line":120,"column":9}},"locations":[{"start":{"line":117,"column":57},"end":{"line":120,"column":9}}]},"22":{"type":"branch","line":121,"loc":{"start":{"line":121,"column":6},"end":{"line":127,"column":7}},"locations":[{"start":{"line":121,"column":6},"end":{"line":127,"column":7}}]},"23":{"type":"branch","line":122,"loc":{"start":{"line":122,"column":27},"end":{"line":124,"column":19}},"locations":[{"start":{"line":122,"column":27},"end":{"line":124,"column":19}}]},"24":{"type":"branch","line":124,"loc":{"start":{"line":124,"column":8},"end":{"line":126,"column":9}},"locations":[{"start":{"line":124,"column":8},"end":{"line":126,"column":9}}]},"25":{"type":"branch","line":124,"loc":{"start":{"line":124,"column":55},"end":{"line":126,"column":9}},"locations":[{"start":{"line":124,"column":55},"end":{"line":126,"column":9}}]},"26":{"type":"branch","line":131,"loc":{"start":{"line":131,"column":14},"end":{"line":163,"column":6}},"locations":[{"start":{"line":131,"column":14},"end":{"line":163,"column":6}}]},"27":{"type":"branch","line":133,"loc":{"start":{"line":133,"column":19},"end":{"line":156,"column":9}},"locations":[{"start":{"line":133,"column":19},"end":{"line":156,"column":9}}]},"28":{"type":"branch","line":157,"loc":{"start":{"line":157,"column":6},"end":{"line":160,"column":8}},"locations":[{"start":{"line":157,"column":6},"end":{"line":160,"column":8}}]}},"b":{"0":[23],"1":[12],"2":[11],"3":[12],"4":[11],"5":[12],"6":[0],"7":[0],"8":[2],"9":[11],"10":[2],"11":[8],"12":[4],"13":[4],"14":[15],"15":[8],"16":[7],"17":[4],"18":[7],"19":[4],"20":[0],"21":[2],"22":[3],"23":[1],"24":[2],"25":[0],"26":[2],"27":[1],"28":[0]},"fnMap":{"0":{"name":"ForgetPassword","decl":{"start":{"line":104,"column":23},"end":{"line":233,"column":2}},"loc":{"start":{"line":104,"column":23},"end":{"line":233,"column":2}},"line":104},"1":{"name":"validate","decl":{"start":{"line":111,"column":14},"end":{"line":129,"column":6}},"loc":{"start":{"line":111,"column":14},"end":{"line":129,"column":6}},"line":111},"2":{"name":"onSubmit","decl":{"start":{"line":131,"column":14},"end":{"line":163,"column":6}},"loc":{"start":{"line":131,"column":14},"end":{"line":163,"column":6}},"line":131},"3":{"name":"onClick","decl":{"start":{"line":188,"column":23},"end":{"line":188,"column":60}},"loc":{"start":{"line":188,"column":23},"end":{"line":188,"column":60}},"line":188}},"f":{"0":23,"1":7,"2":2,"3":0}}
,"D:\\zarish-fatima-mern-10pshine\\frontend\\src\\components\\FormField.jsx": {"path":"D:\\zarish-fatima-mern-10pshine\\frontend\\src\\components\\FormField.jsx","all":false,"statementMap":{"0":{"start":{"line":1,"column":0},"end":{"line":1,"column":40}},"1":{"start":{"line":2,"column":0},"end":{"line":2,"column":39}},"2":{"start":{"line":3,"column":0},"end":{"line":3,"column":43}},"4":{"start":{"line":5,"column":0},"end":{"line":5,"column":20}},"5":{"start":{"line":6,"column":0},"end":{"line":6,"column":8}},"6":{"start":{"line":7,"column":0},"end":{"line":7,"column":7}},"7":{"start":{"line":8,"column":0},"end":{"line":8,"column":16}},"8":{"start":{"line":9,"column":0},"end":{"line":9,"column":14}},"9":{"start":{"line":10,"column":0},"end":{"line":10,"column":9}},"10":{"start":{"line":11,"column":0},"end":{"line":11,"column":17}},"11":{"start":{"line":12,"column":0},"end":{"line":12,"column":7}},"12":{"start":{"line":13,"column":0},"end":{"line":13,"column":58}},"13":{"start":{"line":14,"column":0},"end":{"line":14,"column":63}},"15":{"start":{"line":16,"column":0},"end":{"line":16,"column":72}},"17":{"start":{"line":18,"column":0},"end":{"line":18,"column":10}},"18":{"start":{"line":19,"column":0},"end":{"line":19,"column":15}},"19":{"start":{"line":20,"column":0},"end":{"line":20,"column":37}},"20":{"start":{"line":21,"column":0},"end":{"line":21,"column":37}},"21":{"start":{"line":22,"column":0},"end":{"line":22,"column":36}},"22":{"start":{"line":23,"column":0},"end":{"line":23,"column":36}},"25":{"start":{"line":26,"column":0},"end":{"line":26,"column":12}},"26":{"start":{"line":27,"column":0},"end":{"line":27,"column":22}},"27":{"start":{"line":28,"column":0},"end":{"line":28,"column":64}},"29":{"start":{"line":30,"column":0},"end":{"line":30,"column":15}},"30":{"start":{"line":31,"column":0},"end":{"line":31,"column":14}},"33":{"start":{"line":34,"column":0},"end":{"line":34,"column":32}},"34":{"start":{"line":35,"column":0},"end":{"line":35,"column":21}},"35":{"start":{"line":36,"column":0},"end":{"line":36,"column":19}},"36":{"start":{"line":37,"column":0},"end":{"line":37,"column":21}},"37":{"start":{"line":38,"column":0},"end":{"line":38,"column":26}},"38":{"start":{"line":39,"column":0},"end":{"line":39,"column":35}},"39":{"start":{"line":40,"column":0},"end":{"line":40,"column":150}},"40":{"start":{"line":41,"column":0},"end":{"line":41,"column":22}},"41":{"start":{"line":42,"column":0},"end":{"line":42,"column":53}},"42":{"start":{"line":43,"column":0},"end":{"line":43,"column":57}},"43":{"start":{"line":44,"column":0},"end":{"line":44,"column":15}},"44":{"start":{"line":45,"column":0},"end":{"line":45,"column":40}},"45":{"start":{"line":46,"column":0},"end":{"line":46,"column":36}},"46":{"start":{"line":47,"column":0},"end":{"line":47,"column":37}},"47":{"start":{"line":48,"column":0},"end":{"line":48,"column":38}},"48":{"start":{"line":49,"column":0},"end":{"line":49,"column":40}},"49":{"start":{"line":50,"column":0},"end":{"line":50,"column":10}},"51":{"start":{"line":52,"column":0},"end":{"line":52,"column":33}},"52":{"start":{"line":53,"column":0},"end":{"line":53,"column":17}},"53":{"start":{"line":54,"column":0},"end":{"line":54,"column":25}},"54":{"start":{"line":55,"column":0},"end":{"line":55,"column":60}},"55":{"start":{"line":56,"column":0},"end":{"line":56,"column":102}},"57":{"start":{"line":58,"column":0},"end":{"line":58,"column":69}},"58":{"start":{"line":59,"column":0},"end":{"line":59,"column":19}},"60":{"start":{"line":61,"column":0},"end":{"line":61,"column":12}},"62":{"start":{"line":63,"column":0},"end":{"line":63,"column":20}},"63":{"start":{"line":64,"column":0},"end":{"line":64,"column":17}},"64":{"start":{"line":65,"column":0},"end":{"line":65,"column":47}},"65":{"start":{"line":66,"column":0},"end":{"line":66,"column":42}},"66":{"start":{"line":67,"column":0},"end":{"line":67,"column":40}},"67":{"start":{"line":68,"column":0},"end":{"line":68,"column":40}},"69":{"start":{"line":70,"column":0},"end":{"line":70,"column":31}},"70":{"start":{"line":71,"column":0},"end":{"line":71,"column":19}},"72":{"start":{"line":73,"column":0},"end":{"line":73,"column":17}},"74":{"start":{"line":75,"column":0},"end":{"line":75,"column":2}},"76":{"start":{"line":77,"column":0},"end":{"line":77,"column":25}}},"s":{"0":1,"1":1,"2":1,"4":1,"5":101,"6":101,"7":101,"8":101,"9":101,"10":101,"11":101,"12":101,"13":101,"15":101,"17":101,"18":101,"19":101,"20":101,"21":101,"22":101,"25":101,"26":101,"27":101,"29":101,"30":101,"33":101,"34":101,"35":101,"36":101,"37":101,"38":101,"39":101,"40":101,"41":14,"42":87,"43":101,"44":101,"45":101,"46":101,"47":101,"48":101,"49":101,"51":101,"52":40,"53":40,"54":40,"55":40,"57":40,"58":40,"60":101,"62":101,"63":14,"64":14,"65":14,"66":14,"67":14,"69":14,"70":14,"72":101,"74":101,"76":1},"branchMap":{"0":{"type":"branch","line":5,"loc":{"start":{"line":5,"column":18},"end":{"line":75,"column":2}},"locations":[{"start":{"line":5,"column":18},"end":{"line":75,"column":2}}]},"1":{"type":"branch","line":14,"loc":{"start":{"line":14,"column":38},"end":{"line":14,"column":63}},"locations":[{"start":{"line":14,"column":38},"end":{"line":14,"column":63}}]},"2":{"type":"branch","line":16,"loc":{"start":{"line":16,"column":29},"end":{"line":16,"column":58}},"locations":[{"start":{"line":16,"column":29},"end":{"line":16,"column":58}}]},"3":{"type":"branch","line":16,"loc":{"start":{"line":16,"column":43},"end":{"line":16,"column":67}},"locations":[{"start":{"line":16,"column":43},"end":{"line":16,"column":67}}]},"4":{"type":"branch","line":41,"loc":{"start":{"line":41,"column":14},"end":{"line":42,"column":53}},"locations":[{"start":{"line":41,"column":14},"end":{"line":42,"column":53}}]},"5":{"type":"branch","line":42,"loc":{"start":{"line":42,"column":16},"end":{"line":43,"column":57}},"locations":[{"start":{"line":42,"column":16},"end":{"line":43,"column":57}}]},"6":{"type":"branch","line":52,"loc":{"start":{"line":52,"column":18},"end":{"line":59,"column":19}},"locations":[{"start":{"line":52,"column":18},"end":{"line":59,"column":19}}]},"7":{"type":"branch","line":58,"loc":{"start":{"line":58,"column":13},"end":{"line":58,"column":51}},"locations":[{"start":{"line":58,"column":13},"end":{"line":58,"column":51}}]},"8":{"type":"branch","line":63,"loc":{"start":{"line":63,"column":7},"end":{"line":71,"column":19}},"locations":[{"start":{"line":63,"column":7},"end":{"line":71,"column":19}}]}},"b":{"0":[101],"1":[55],"2":[40],"3":[0],"4":[14],"5":[87],"6":[40],"7":[0],"8":[14]},"fnMap":{"0":{"name":"FormField","decl":{"start":{"line":5,"column":18},"end":{"line":75,"column":2}},"loc":{"start":{"line":5,"column":18},"end":{"line":75,"column":2}},"line":5},"1":{"name":"onClick","decl":{"start":{"line":55,"column":21},"end":{"line":55,"column":60}},"loc":{"start":{"line":55,"column":21},"end":{"line":55,"column":60}},"line":55}},"f":{"0":101,"1":0}}
,"D:\\zarish-fatima-mern-10pshine\\frontend\\src\\components\\NoteCard.jsx": {"path":"D:\\zarish-fatima-mern-10pshine\\frontend\\src\\components\\NoteCard.jsx","all":false,"statementMap":{"0":{"start":{"line":1,"column":0},"end":{"line":1,"column":46}},"1":{"start":{"line":2,"column":0},"end":{"line":2,"column":39}},"2":{"start":{"line":3,"column":0},"end":{"line":3,"column":59}},"3":{"start":{"line":4,"column":0},"end":{"line":4,"column":47}},"4":{"start":{"line":5,"column":0},"end":{"line":5,"column":44}},"6":{"start":{"line":7,"column":0},"end":{"line":7,"column":42}},"7":{"start":{"line":8,"column":0},"end":{"line":8,"column":33}},"8":{"start":{"line":9,"column":0},"end":{"line":9,"column":56}},"9":{"start":{"line":10,"column":0},"end":{"line":10,"column":60}},"12":{"start":{"line":13,"column":0},"end":{"line":13,"column":19}},"13":{"start":{"line":14,"column":0},"end":{"line":14,"column":66}},"14":{"start":{"line":15,"column":0},"end":{"line":15,"column":45}},"15":{"start":{"line":16,"column":0},"end":{"line":16,"column":21}},"18":{"start":{"line":19,"column":0},"end":{"line":19,"column":19}},"19":{"start":{"line":20,"column":0},"end":{"line":20,"column":67}},"20":{"start":{"line":21,"column":0},"end":{"line":21,"column":57}},"21":{"start":{"line":22,"column":0},"end":{"line":22,"column":20}},"23":{"start":{"line":24,"column":0},"end":{"line":24,"column":10}},"24":{"start":{"line":25,"column":0},"end":{"line":25,"column":6}},"26":{"start":{"line":27,"column":0},"end":{"line":27,"column":17}},"27":{"start":{"line":28,"column":0},"end":{"line":28,"column":117}},"28":{"start":{"line":29,"column":0},"end":{"line":29,"column":39}},"29":{"start":{"line":30,"column":0},"end":{"line":30,"column":38}},"30":{"start":{"line":31,"column":0},"end":{"line":31,"column":21}},"31":{"start":{"line":32,"column":0},"end":{"line":32,"column":22}},"32":{"start":{"line":33,"column":0},"end":{"line":33,"column":16}},"33":{"start":{"line":34,"column":0},"end":{"line":34,"column":49}},"34":{"start":{"line":35,"column":0},"end":{"line":35,"column":10}},"35":{"start":{"line":36,"column":0},"end":{"line":36,"column":57}},"38":{"start":{"line":39,"column":0},"end":{"line":39,"column":53}},"39":{"start":{"line":40,"column":0},"end":{"line":40,"column":17}},"40":{"start":{"line":41,"column":0},"end":{"line":41,"column":80}},"41":{"start":{"line":42,"column":0},"end":{"line":42,"column":54}},"43":{"start":{"line":44,"column":0},"end":{"line":44,"column":32}},"44":{"start":{"line":45,"column":0},"end":{"line":45,"column":19}},"45":{"start":{"line":46,"column":0},"end":{"line":46,"column":17}},"46":{"start":{"line":47,"column":0},"end":{"line":47,"column":46}},"47":{"start":{"line":48,"column":0},"end":{"line":48,"column":53}},"49":{"start":{"line":50,"column":0},"end":{"line":50,"column":32}},"50":{"start":{"line":51,"column":0},"end":{"line":51,"column":19}},"51":{"start":{"line":52,"column":0},"end":{"line":52,"column":14}},"54":{"start":{"line":55,"column":0},"end":{"line":55,"column":62}},"55":{"start":{"line":56,"column":0},"end":{"line":56,"column":36}},"56":{"start":{"line":57,"column":0},"end":{"line":57,"column":13}},"59":{"start":{"line":60,"column":0},"end":{"line":60,"column":22}},"60":{"start":{"line":61,"column":0},"end":{"line":61,"column":12}},"61":{"start":{"line":62,"column":0},"end":{"line":62,"column":27}},"62":{"start":{"line":63,"column":0},"end":{"line":63,"column":27}},"63":{"start":{"line":64,"column":0},"end":{"line":64,"column":37}},"64":{"start":{"line":65,"column":0},"end":{"line":65,"column":84}},"66":{"start":{"line":67,"column":0},"end":{"line":67,"column":22}},"67":{"start":{"line":68,"column":0},"end":{"line":68,"column":14}},"71":{"start":{"line":72,"column":0},"end":{"line":72,"column":12}},"72":{"start":{"line":73,"column":0},"end":{"line":73,"column":61}},"73":{"start":{"line":74,"column":0},"end":{"line":74,"column":60}},"74":{"start":{"line":75,"column":0},"end":{"line":75,"column":10}},"77":{"start":{"line":78,"column":0},"end":{"line":78,"column":27}},"78":{"start":{"line":79,"column":0},"end":{"line":79,"column":44}},"79":{"start":{"line":80,"column":0},"end":{"line":80,"column":19}},"80":{"start":{"line":81,"column":0},"end":{"line":81,"column":63}},"81":{"start":{"line":82,"column":0},"end":{"line":82,"column":50}},"82":{"start":{"line":83,"column":0},"end":{"line":83,"column":13}},"84":{"start":{"line":85,"column":0},"end":{"line":85,"column":21}},"85":{"start":{"line":86,"column":0},"end":{"line":86,"column":16}},"89":{"start":{"line":90,"column":0},"end":{"line":90,"column":89}},"90":{"start":{"line":91,"column":0},"end":{"line":91,"column":52}},"91":{"start":{"line":92,"column":0},"end":{"line":92,"column":34}},"92":{"start":{"line":93,"column":0},"end":{"line":93,"column":27}},"93":{"start":{"line":94,"column":0},"end":{"line":94,"column":70}},"94":{"start":{"line":95,"column":0},"end":{"line":95,"column":33}},"95":{"start":{"line":96,"column":0},"end":{"line":96,"column":33}},"96":{"start":{"line":97,"column":0},"end":{"line":97,"column":34}},"97":{"start":{"line":98,"column":0},"end":{"line":98,"column":36}},"98":{"start":{"line":99,"column":0},"end":{"line":99,"column":18}},"99":{"start":{"line":100,"column":0},"end":{"line":100,"column":26}},"100":{"start":{"line":101,"column":0},"end":{"line":101,"column":17}},"101":{"start":{"line":102,"column":0},"end":{"line":102,"column":14}},"102":{"start":{"line":103,"column":0},"end":{"line":103,"column":19}},"105":{"start":{"line":106,"column":0},"end":{"line":106,"column":23}},"106":{"start":{"line":107,"column":0},"end":{"line":107,"column":12}},"107":{"start":{"line":108,"column":0},"end":{"line":108,"column":106}},"108":{"start":{"line":109,"column":0},"end":{"line":109,"column":47}},"110":{"start":{"line":111,"column":0},"end":{"line":111,"column":21}},"111":{"start":{"line":112,"column":0},"end":{"line":112,"column":107}},"112":{"start":{"line":113,"column":0},"end":{"line":113,"column":48}},"113":{"start":{"line":114,"column":0},"end":{"line":114,"column":46}},"114":{"start":{"line":115,"column":0},"end":{"line":115,"column":45}},"115":{"start":{"line":116,"column":0},"end":{"line":116,"column":61}},"116":{"start":{"line":117,"column":0},"end":{"line":117,"column":48}},"119":{"start":{"line":120,"column":0},"end":{"line":120,"column":19}},"120":{"start":{"line":121,"column":0},"end":{"line":121,"column":79}},"121":{"start":{"line":122,"column":0},"end":{"line":122,"column":51}},"123":{"start":{"line":124,"column":0},"end":{"line":124,"column":29}},"124":{"start":{"line":125,"column":0},"end":{"line":125,"column":21}},"127":{"start":{"line":128,"column":0},"end":{"line":128,"column":62}},"128":{"start":{"line":129,"column":0},"end":{"line":129,"column":40}},"129":{"start":{"line":130,"column":0},"end":{"line":130,"column":17}},"132":{"start":{"line":133,"column":0},"end":{"line":133,"column":26}},"133":{"start":{"line":134,"column":0},"end":{"line":134,"column":16}},"134":{"start":{"line":135,"column":0},"end":{"line":135,"column":31}},"135":{"start":{"line":136,"column":0},"end":{"line":136,"column":31}},"136":{"start":{"line":137,"column":0},"end":{"line":137,"column":41}},"137":{"start":{"line":138,"column":0},"end":{"line":138,"column":88}},"139":{"start":{"line":140,"column":0},"end":{"line":140,"column":26}},"140":{"start":{"line":141,"column":0},"end":{"line":141,"column":18}},"144":{"start":{"line":145,"column":0},"end":{"line":145,"column":16}},"145":{"start":{"line":146,"column":0},"end":{"line":146,"column":59}},"146":{"start":{"line":147,"column":0},"end":{"line":147,"column":64}},"147":{"start":{"line":148,"column":0},"end":{"line":148,"column":14}},"150":{"start":{"line":151,"column":0},"end":{"line":151,"column":86}},"151":{"start":{"line":152,"column":0},"end":{"line":152,"column":56}},"152":{"start":{"line":153,"column":0},"end":{"line":153,"column":38}},"153":{"start":{"line":154,"column":0},"end":{"line":154,"column":31}},"154":{"start":{"line":155,"column":0},"end":{"line":155,"column":74}},"155":{"start":{"line":156,"column":0},"end":{"line":156,"column":37}},"156":{"start":{"line":157,"column":0},"end":{"line":157,"column":37}},"157":{"start":{"line":158,"column":0},"end":{"line":158,"column":38}},"158":{"start":{"line":159,"column":0},"end":{"line":159,"column":40}},"159":{"start":{"line":160,"column":0},"end":{"line":160,"column":22}},"160":{"start":{"line":161,"column":0},"end":{"line":161,"column":30}},"161":{"start":{"line":162,"column":0},"end":{"line":162,"column":21}},"162":{"start":{"line":163,"column":0},"end":{"line":163,"column":18}},"163":{"start":{"line":164,"column":0},"end":{"line":164,"column":23}},"164":{"start":{"line":165,"column":0},"end":{"line":165,"column":14}},"166":{"start":{"line":167,"column":0},"end":{"line":167,"column":7}},"168":{"start":{"line":169,"column":0},"end":{"line":169,"column":2}},"170":{"start":{"line":171,"column":0},"end":{"line":171,"column":24}}},"s":{"0":1,"1":1,"2":1,"3":1,"4":1,"6":1,"7":10,"8":10,"9":10,"12":10,"13":6,"14":6,"15":10,"18":10,"19":8,"20":8,"21":10,"23":10,"24":10,"26":10,"27":10,"28":10,"29":10,"30":10,"31":10,"32":10,"33":10,"34":10,"35":10,"38":10,"39":10,"40":10,"41":10,"43":10,"44":10,"45":10,"46":10,"47":10,"49":10,"50":10,"51":10,"54":10,"55":10,"56":10,"59":10,"60":10,"61":10,"62":10,"63":10,"64":10,"66":10,"67":10,"71":10,"72":10,"73":10,"74":10,"77":10,"78":4,"79":4,"80":4,"81":4,"82":4,"84":4,"85":4,"89":10,"90":10,"91":10,"92":10,"93":10,"94":10,"95":10,"96":10,"97":10,"98":10,"99":0,"100":10,"101":10,"102":10,"105":10,"106":1,"107":1,"108":1,"110":1,"111":1,"112":1,"113":1,"114":1,"115":1,"116":1,"119":1,"120":1,"121":1,"123":1,"124":1,"127":1,"128":1,"129":1,"132":1,"133":1,"134":1,"135":1,"136":1,"137":1,"139":1,"140":1,"144":1,"145":1,"146":1,"147":1,"150":1,"151":1,"152":1,"153":1,"154":1,"155":1,"156":1,"157":1,"158":1,"159":1,"160":0,"161":1,"162":1,"163":1,"164":1,"166":10,"168":10,"170":1},"branchMap":{"0":{"type":"branch","line":7,"loc":{"start":{"line":7,"column":17},"end":{"line":169,"column":2}},"locations":[{"start":{"line":7,"column":17},"end":{"line":169,"column":2}}]},"1":{"type":"branch","line":56,"loc":{"start":{"line":56,"column":16},"end":{"line":56,"column":36}},"locations":[{"start":{"line":56,"column":16},"end":{"line":56,"column":36}}]},"2":{"type":"branch","line":78,"loc":{"start":{"line":78,"column":9},"end":{"line":86,"column":16}},"locations":[{"start":{"line":78,"column":9},"end":{"line":86,"column":16}}]},"3":{"type":"branch","line":99,"loc":{"start":{"line":99,"column":17},"end":{"line":100,"column":26}},"locations":[{"start":{"line":99,"column":17},"end":{"line":100,"column":26}}]},"4":{"type":"branch","line":106,"loc":{"start":{"line":106,"column":7},"end":{"line":165,"column":14}},"locations":[{"start":{"line":106,"column":7},"end":{"line":165,"column":14}}]},"5":{"type":"branch","line":129,"loc":{"start":{"line":129,"column":20},"end":{"line":129,"column":40}},"locations":[{"start":{"line":129,"column":20},"end":{"line":129,"column":40}}]},"6":{"type":"branch","line":160,"loc":{"start":{"line":160,"column":21},"end":{"line":161,"column":30}},"locations":[{"start":{"line":160,"column":21},"end":{"line":161,"column":30}}]},"7":{"type":"branch","line":13,"loc":{"start":{"line":13,"column":12},"end":{"line":16,"column":5}},"locations":[{"start":{"line":13,"column":12},"end":{"line":16,"column":5}}]},"8":{"type":"branch","line":14,"loc":{"start":{"line":14,"column":58},"end":{"line":14,"column":66}},"locations":[{"start":{"line":14,"column":58},"end":{"line":14,"column":66}}]},"9":{"type":"branch","line":19,"loc":{"start":{"line":19,"column":12},"end":{"line":22,"column":5}},"locations":[{"start":{"line":19,"column":12},"end":{"line":22,"column":5}}]},"10":{"type":"branch","line":20,"loc":{"start":{"line":20,"column":35},"end":{"line":20,"column":60}},"locations":[{"start":{"line":20,"column":35},"end":{"line":20,"column":60}}]},"11":{"type":"branch","line":20,"loc":{"start":{"line":20,"column":49},"end":{"line":20,"column":67}},"locations":[{"start":{"line":20,"column":49},"end":{"line":20,"column":67}}]},"12":{"type":"branch","line":21,"loc":{"start":{"line":21,"column":11},"end":{"line":21,"column":57}},"locations":[{"start":{"line":21,"column":11},"end":{"line":21,"column":57}}]},"13":{"type":"branch","line":41,"loc":{"start":{"line":41,"column":21},"end":{"line":41,"column":80}},"locations":[{"start":{"line":41,"column":21},"end":{"line":41,"column":80}}]},"14":{"type":"branch","line":47,"loc":{"start":{"line":47,"column":21},"end":{"line":47,"column":46}},"locations":[{"start":{"line":47,"column":21},"end":{"line":47,"column":46}}]},"15":{"type":"branch","line":82,"loc":{"start":{"line":82,"column":23},"end":{"line":82,"column":50}},"locations":[{"start":{"line":82,"column":23},"end":{"line":82,"column":50}}]},"16":{"type":"branch","line":117,"loc":{"start":{"line":117,"column":21},"end":{"line":117,"column":48}},"locations":[{"start":{"line":117,"column":21},"end":{"line":117,"column":48}}]},"17":{"type":"branch","line":122,"loc":{"start":{"line":122,"column":23},"end":{"line":122,"column":51}},"locations":[{"start":{"line":122,"column":23},"end":{"line":122,"column":51}}]}},"b":{"0":[10],"1":[0],"2":[4],"3":[0],"4":[1],"5":[0],"6":[0],"7":[6],"8":[0],"9":[8],"10":[1],"11":[7],"12":[8],"13":[1],"14":[1],"15":[1],"16":[1],"17":[1]},"fnMap":{"0":{"name":"NoteCard","decl":{"start":{"line":7,"column":17},"end":{"line":169,"column":2}},"loc":{"start":{"line":7,"column":17},"end":{"line":169,"column":2}},"line":7},"1":{"name":"onClick","decl":{"start":{"line":41,"column":21},"end":{"line":41,"column":80}},"loc":{"start":{"line":41,"column":21},"end":{"line":41,"column":80}},"line":41},"2":{"name":"onClick","decl":{"start":{"line":47,"column":21},"end":{"line":47,"column":46}},"loc":{"start":{"line":47,"column":21},"end":{"line":47,"column":46}},"line":47},"3":{"name":"onClick","decl":{"start":{"line":82,"column":23},"end":{"line":82,"column":50}},"loc":{"start":{"line":82,"column":23},"end":{"line":82,"column":50}},"line":82},"4":{"name":"onClick","decl":{"start":{"line":109,"column":19},"end":{"line":109,"column":47}},"loc":{"start":{"line":109,"column":19},"end":{"line":109,"column":47}},"line":109},"5":{"name":"onClick","decl":{"start":{"line":117,"column":21},"end":{"line":117,"column":48}},"loc":{"start":{"line":117,"column":21},"end":{"line":117,"column":48}},"line":117},"6":{"name":"onClick","decl":{"start":{"line":122,"column":23},"end":{"line":122,"column":51}},"loc":{"start":{"line":122,"column":23},"end":{"line":122,"column":51}},"line":122}},"f":{"0":10,"1":1,"2":1,"3":1,"4":0,"5":1,"6":1}}
,"D:\\zarish-fatima-mern-10pshine\\frontend\\src\\components\\SideBar.jsx": {"path":"D:\\zarish-fatima-mern-10pshine\\frontend\\src\\components\\SideBar.jsx","all":false,"statementMap":{"0":{"start":{"line":1,"column":0},"end":{"line":1,"column":26}},"1":{"start":{"line":2,"column":0},"end":{"line":2,"column":43}},"2":{"start":{"line":3,"column":0},"end":{"line":3,"column":39}},"3":{"start":{"line":4,"column":0},"end":{"line":4,"column":96}},"5":{"start":{"line":6,"column":0},"end":{"line":6,"column":35}},"6":{"start":{"line":7,"column":0},"end":{"line":7,"column":21}},"7":{"start":{"line":8,"column":0},"end":{"line":8,"column":107}},"8":{"start":{"line":9,"column":0},"end":{"line":9,"column":103}},"9":{"start":{"line":10,"column":0},"end":{"line":10,"column":98}},"10":{"start":{"line":11,"column":0},"end":{"line":11,"column":92}},"11":{"start":{"line":12,"column":0},"end":{"line":12,"column":97}},"12":{"start":{"line":13,"column":0},"end":{"line":13,"column":4}},"14":{"start":{"line":15,"column":0},"end":{"line":15,"column":10}},"15":{"start":{"line":16,"column":0},"end":{"line":16,"column":6}},"17":{"start":{"line":18,"column":0},"end":{"line":18,"column":129}},"20":{"start":{"line":21,"column":0},"end":{"line":21,"column":19}},"21":{"start":{"line":22,"column":0},"end":{"line":22,"column":42}},"22":{"start":{"line":23,"column":0},"end":{"line":23,"column":40}},"23":{"start":{"line":24,"column":0},"end":{"line":24,"column":40}},"24":{"start":{"line":25,"column":0},"end":{"line":25,"column":56}},"26":{"start":{"line":27,"column":0},"end":{"line":27,"column":93}},"27":{"start":{"line":28,"column":0},"end":{"line":28,"column":80}},"29":{"start":{"line":30,"column":0},"end":{"line":30,"column":15}},"30":{"start":{"line":31,"column":0},"end":{"line":31,"column":21}},"33":{"start":{"line":34,"column":0},"end":{"line":34,"column":74}},"34":{"start":{"line":35,"column":0},"end":{"line":35,"column":41}},"35":{"start":{"line":36,"column":0},"end":{"line":36,"column":23}},"36":{"start":{"line":37,"column":0},"end":{"line":37,"column":23}},"37":{"start":{"line":38,"column":0},"end":{"line":38,"column":46}},"38":{"start":{"line":39,"column":0},"end":{"line":39,"column":44}},"39":{"start":{"line":40,"column":0},"end":{"line":40,"column":62}},"41":{"start":{"line":42,"column":0},"end":{"line":42,"column":22}},"42":{"start":{"line":43,"column":0},"end":{"line":43,"column":30}},"43":{"start":{"line":44,"column":0},"end":{"line":44,"column":44}},"44":{"start":{"line":45,"column":0},"end":{"line":45,"column":94}},"45":{"start":{"line":46,"column":0},"end":{"line":46,"column":28}},"46":{"start":{"line":47,"column":0},"end":{"line":47,"column":63}},"47":{"start":{"line":48,"column":0},"end":{"line":48,"column":72}},"48":{"start":{"line":49,"column":0},"end":{"line":49,"column":20}},"51":{"start":{"line":52,"column":0},"end":{"line":52,"column":27}},"52":{"start":{"line":53,"column":0},"end":{"line":53,"column":40}},"53":{"start":{"line":54,"column":0},"end":{"line":54,"column":24}},"54":{"start":{"line":55,"column":0},"end":{"line":55,"column":25}},"55":{"start":{"line":56,"column":0},"end":{"line":56,"column":13}},"56":{"start":{"line":57,"column":0},"end":{"line":57,"column":14}},"59":{"start":{"line":60,"column":0},"end":{"line":60,"column":19}},"60":{"start":{"line":61,"column":0},"end":{"line":61,"column":41}},"61":{"start":{"line":62,"column":0},"end":{"line":62,"column":40}},"62":{"start":{"line":63,"column":0},"end":{"line":63,"column":52}},"63":{"start":{"line":64,"column":0},"end":{"line":64,"column":26}},"65":{"start":{"line":66,"column":0},"end":{"line":66,"column":17}},"66":{"start":{"line":67,"column":0},"end":{"line":67,"column":30}},"67":{"start":{"line":68,"column":0},"end":{"line":68,"column":176}},"69":{"start":{"line":70,"column":0},"end":{"line":70,"column":42}},"70":{"start":{"line":71,"column":0},"end":{"line":71,"column":31}},"71":{"start":{"line":72,"column":0},"end":{"line":72,"column":19}},"72":{"start":{"line":73,"column":0},"end":{"line":73,"column":21}},"73":{"start":{"line":74,"column":0},"end":{"line":74,"column":14}},"76":{"start":{"line":77,"column":0},"end":{"line":77,"column":20}},"77":{"start":{"line":78,"column":0},"end":{"line":78,"column":40}},"78":{"start":{"line":79,"column":0},"end":{"line":79,"column":38}},"79":{"start":{"line":80,"column":0},"end":{"line":80,"column":38}},"80":{"start":{"line":81,"column":0},"end":{"line":81,"column":143}},"83":{"start":{"line":84,"column":0},"end":{"line":84,"column":49}},"84":{"start":{"line":85,"column":0},"end":{"line":85,"column":59}},"85":{"start":{"line":86,"column":0},"end":{"line":86,"column":67}},"86":{"start":{"line":87,"column":0},"end":{"line":87,"column":14}},"89":{"start":{"line":90,"column":0},"end":{"line":90,"column":49}},"90":{"start":{"line":91,"column":0},"end":{"line":91,"column":41}},"91":{"start":{"line":92,"column":0},"end":{"line":92,"column":20}},"92":{"start":{"line":93,"column":0},"end":{"line":93,"column":23}},"93":{"start":{"line":94,"column":0},"end":{"line":94,"column":28}},"94":{"start":{"line":95,"column":0},"end":{"line":95,"column":42}},"95":{"start":{"line":96,"column":0},"end":{"line":96,"column":49}},"96":{"start":{"line":97,"column":0},"end":{"line":97,"column":26}},"97":{"start":{"line":98,"column":0},"end":{"line":98,"column":127}},"98":{"start":{"line":99,"column":0},"end":{"line":99,"column":180}},"99":{"start":{"line":100,"column":0},"end":{"line":100,"column":18}},"102":{"start":{"line":103,"column":0},"end":{"line":103,"column":25}},"103":{"start":{"line":104,"column":0},"end":{"line":104,"column":22}},"104":{"start":{"line":105,"column":0},"end":{"line":105,"column":13}},"106":{"start":{"line":107,"column":0},"end":{"line":107,"column":17}},"107":{"start":{"line":108,"column":0},"end":{"line":108,"column":30}},"108":{"start":{"line":109,"column":0},"end":{"line":109,"column":131}},"110":{"start":{"line":111,"column":0},"end":{"line":111,"column":42}},"111":{"start":{"line":112,"column":0},"end":{"line":112,"column":19}},"112":{"start":{"line":113,"column":0},"end":{"line":113,"column":14}},"113":{"start":{"line":114,"column":0},"end":{"line":114,"column":22}},"114":{"start":{"line":115,"column":0},"end":{"line":115,"column":7}},"116":{"start":{"line":117,"column":0},"end":{"line":117,"column":2}},"118":{"start":{"line":119,"column":0},"end":{"line":119,"column":23}}},"s":{"0":1,"1":1,"2":1,"3":1,"5":1,"6":20,"7":20,"8":20,"9":20,"10":20,"11":20,"12":20,"14":20,"15":20,"17":20,"20":20,"21":20,"22":20,"23":20,"24":20,"26":20,"27":20,"29":20,"30":20,"33":20,"34":20,"35":100,"36":100,"37":100,"38":100,"39":100,"41":100,"42":100,"43":100,"44":100,"45":100,"46":0,"47":100,"48":100,"51":100,"52":100,"53":100,"54":100,"55":20,"56":20,"59":20,"60":20,"61":20,"62":20,"63":20,"65":20,"66":20,"67":20,"69":20,"70":20,"71":20,"72":20,"73":20,"76":20,"77":20,"78":20,"79":20,"80":20,"83":20,"84":20,"85":20,"86":20,"89":20,"90":20,"91":100,"92":100,"93":100,"94":100,"95":100,"96":100,"97":0,"98":100,"99":100,"102":100,"103":100,"104":20,"106":20,"107":20,"108":20,"110":20,"111":20,"112":20,"113":20,"114":20,"116":20,"118":1},"branchMap":{"0":{"type":"branch","line":6,"loc":{"start":{"line":6,"column":16},"end":{"line":117,"column":2}},"locations":[{"start":{"line":6,"column":16},"end":{"line":117,"column":2}}]},"1":{"type":"branch","line":35,"loc":{"start":{"line":35,"column":25},"end":{"line":55,"column":25}},"locations":[{"start":{"line":35,"column":25},"end":{"line":55,"column":25}}]},"2":{"type":"branch","line":44,"loc":{"start":{"line":44,"column":27},"end":{"line":49,"column":20}},"locations":[{"start":{"line":44,"column":27},"end":{"line":49,"column":20}}]},"3":{"type":"branch","line":46,"loc":{"start":{"line":46,"column":20},"end":{"line":47,"column":63}},"locations":[{"start":{"line":46,"column":20},"end":{"line":47,"column":63}}]},"4":{"type":"branch","line":91,"loc":{"start":{"line":91,"column":25},"end":{"line":104,"column":22}},"locations":[{"start":{"line":91,"column":25},"end":{"line":104,"column":22}}]},"5":{"type":"branch","line":95,"loc":{"start":{"line":95,"column":25},"end":{"line":100,"column":18}},"locations":[{"start":{"line":95,"column":25},"end":{"line":100,"column":18}}]},"6":{"type":"branch","line":97,"loc":{"start":{"line":97,"column":18},"end":{"line":98,"column":127}},"locations":[{"start":{"line":97,"column":18},"end":{"line":98,"column":127}}]}},"b":{"0":[20],"1":[100],"2":[100],"3":[0],"4":[100],"5":[100],"6":[0]},"fnMap":{"0":{"name":"Sidebar","decl":{"start":{"line":6,"column":16},"end":{"line":117,"column":2}},"loc":{"start":{"line":6,"column":16},"end":{"line":117,"column":2}},"line":6},"1":{"name":"className","decl":{"start":{"line":44,"column":27},"end":{"line":49,"column":20}},"loc":{"start":{"line":44,"column":27},"end":{"line":49,"column":20}},"line":44},"2":{"name":"className","decl":{"start":{"line":95,"column":25},"end":{"line":100,"column":18}},"loc":{"start":{"line":95,"column":25},"end":{"line":100,"column":18}},"line":95}},"f":{"0":20,"1":100,"2":100}}
,"D:\\zarish-fatima-mern-10pshine\\frontend\\src\\pages\\AllNotes.jsx": {"path":"D:\\zarish-fatima-mern-10pshine\\frontend\\src\\pages\\AllNotes.jsx","all":false,"statementMap":{"0":{"start":{"line":1,"column":0},"end":{"line":1,"column":51}},"1":{"start":{"line":2,"column":0},"end":{"line":2,"column":56}},"2":{"start":{"line":3,"column":0},"end":{"line":3,"column":44}},"3":{"start":{"line":4,"column":0},"end":{"line":4,"column":46}},"4":{"start":{"line":5,"column":0},"end":{"line":5,"column":42}},"5":{"start":{"line":6,"column":0},"end":{"line":6,"column":26}},"6":{"start":{"line":7,"column":0},"end":{"line":7,"column":47}},"7":{"start":{"line":8,"column":0},"end":{"line":8,"column":51}},"8":{"start":{"line":9,"column":0},"end":{"line":9,"column":24}},"9":{"start":{"line":10,"column":0},"end":{"line":10,"column":33}},"10":{"start":{"line":11,"column":0},"end":{"line":11,"column":41}},"11":{"start":{"line":12,"column":0},"end":{"line":12,"column":41}},"12":{"start":{"line":13,"column":0},"end":{"line":13,"column":52}},"13":{"start":{"line":14,"column":0},"end":{"line":14,"column":54}},"14":{"start":{"line":15,"column":0},"end":{"line":15,"column":57}},"15":{"start":{"line":16,"column":0},"end":{"line":16,"column":53}},"18":{"start":{"line":19,"column":0},"end":{"line":19,"column":19}},"19":{"start":{"line":20,"column":0},"end":{"line":20,"column":38}},"20":{"start":{"line":21,"column":0},"end":{"line":21,"column":38}},"21":{"start":{"line":22,"column":0},"end":{"line":22,"column":42}},"22":{"start":{"line":23,"column":0},"end":{"line":23,"column":64}},"23":{"start":{"line":24,"column":0},"end":{"line":24,"column":30}},"24":{"start":{"line":25,"column":0},"end":{"line":25,"column":6}},"25":{"start":{"line":26,"column":0},"end":{"line":26,"column":25}},"26":{"start":{"line":27,"column":0},"end":{"line":27,"column":58}},"27":{"start":{"line":28,"column":0},"end":{"line":28,"column":74}},"28":{"start":{"line":29,"column":0},"end":{"line":29,"column":9}},"30":{"start":{"line":31,"column":0},"end":{"line":31,"column":30}},"31":{"start":{"line":32,"column":0},"end":{"line":32,"column":36}},"32":{"start":{"line":33,"column":0},"end":{"line":33,"column":23}},"33":{"start":{"line":34,"column":0},"end":{"line":34,"column":4}},"35":{"start":{"line":36,"column":0},"end":{"line":36,"column":19}},"36":{"start":{"line":37,"column":0},"end":{"line":37,"column":51}},"37":{"start":{"line":38,"column":0},"end":{"line":38,"column":20}},"38":{"start":{"line":39,"column":0},"end":{"line":39,"column":38}},"39":{"start":{"line":40,"column":0},"end":{"line":40,"column":17}},"40":{"start":{"line":41,"column":0},"end":{"line":41,"column":23}},"41":{"start":{"line":42,"column":0},"end":{"line":42,"column":5}},"42":{"start":{"line":43,"column":0},"end":{"line":43,"column":9}},"44":{"start":{"line":45,"column":0},"end":{"line":45,"column":40}},"45":{"start":{"line":46,"column":0},"end":{"line":46,"column":9}},"46":{"start":{"line":47,"column":0},"end":{"line":47,"column":34}},"47":{"start":{"line":48,"column":0},"end":{"line":48,"column":63}},"48":{"start":{"line":49,"column":0},"end":{"line":49,"column":8}},"49":{"start":{"line":50,"column":0},"end":{"line":50,"column":37}},"50":{"start":{"line":51,"column":0},"end":{"line":51,"column":19}},"51":{"start":{"line":52,"column":0},"end":{"line":52,"column":25}},"52":{"start":{"line":53,"column":0},"end":{"line":53,"column":5}},"53":{"start":{"line":54,"column":0},"end":{"line":54,"column":4}},"55":{"start":{"line":56,"column":0},"end":{"line":56,"column":46}},"56":{"start":{"line":57,"column":0},"end":{"line":57,"column":9}},"57":{"start":{"line":58,"column":0},"end":{"line":58,"column":25}},"58":{"start":{"line":59,"column":0},"end":{"line":59,"column":74}},"59":{"start":{"line":60,"column":0},"end":{"line":60,"column":8}},"60":{"start":{"line":61,"column":0},"end":{"line":61,"column":60}},"61":{"start":{"line":62,"column":0},"end":{"line":62,"column":19}},"62":{"start":{"line":63,"column":0},"end":{"line":63,"column":25}},"63":{"start":{"line":64,"column":0},"end":{"line":64,"column":5}},"64":{"start":{"line":65,"column":0},"end":{"line":65,"column":4}},"67":{"start":{"line":68,"column":0},"end":{"line":68,"column":49}},"68":{"start":{"line":69,"column":0},"end":{"line":69,"column":86}},"69":{"start":{"line":70,"column":0},"end":{"line":70,"column":86}},"70":{"start":{"line":71,"column":0},"end":{"line":71,"column":13}},"71":{"start":{"line":72,"column":0},"end":{"line":72,"column":5}},"74":{"start":{"line":75,"column":0},"end":{"line":75,"column":54}},"75":{"start":{"line":76,"column":0},"end":{"line":76,"column":44}},"76":{"start":{"line":77,"column":0},"end":{"line":77,"column":12}},"77":{"start":{"line":78,"column":0},"end":{"line":78,"column":49}},"78":{"start":{"line":79,"column":0},"end":{"line":79,"column":48}},"80":{"start":{"line":81,"column":0},"end":{"line":81,"column":5}},"83":{"start":{"line":84,"column":0},"end":{"line":84,"column":53}},"84":{"start":{"line":85,"column":0},"end":{"line":85,"column":58}},"85":{"start":{"line":86,"column":0},"end":{"line":86,"column":78}},"86":{"start":{"line":87,"column":0},"end":{"line":87,"column":68}},"88":{"start":{"line":89,"column":0},"end":{"line":89,"column":63}},"89":{"start":{"line":90,"column":0},"end":{"line":90,"column":78}},"90":{"start":{"line":91,"column":0},"end":{"line":91,"column":26}},"91":{"start":{"line":92,"column":0},"end":{"line":92,"column":64}},"94":{"start":{"line":95,"column":0},"end":{"line":95,"column":29}},"95":{"start":{"line":96,"column":0},"end":{"line":96,"column":27}},"96":{"start":{"line":97,"column":0},"end":{"line":97,"column":86}},"97":{"start":{"line":98,"column":0},"end":{"line":98,"column":4}},"99":{"start":{"line":100,"column":0},"end":{"line":100,"column":10}},"100":{"start":{"line":101,"column":0},"end":{"line":101,"column":15}},"101":{"start":{"line":102,"column":0},"end":{"line":102,"column":96}},"102":{"start":{"line":103,"column":0},"end":{"line":103,"column":30}},"103":{"start":{"line":104,"column":0},"end":{"line":104,"column":30}},"104":{"start":{"line":105,"column":0},"end":{"line":105,"column":36}},"106":{"start":{"line":107,"column":0},"end":{"line":107,"column":41}},"108":{"start":{"line":109,"column":0},"end":{"line":109,"column":84}},"110":{"start":{"line":111,"column":0},"end":{"line":111,"column":58}},"111":{"start":{"line":112,"column":0},"end":{"line":112,"column":20}},"112":{"start":{"line":113,"column":0},"end":{"line":113,"column":80}},"113":{"start":{"line":114,"column":0},"end":{"line":114,"column":44}},"114":{"start":{"line":115,"column":0},"end":{"line":115,"column":42}},"115":{"start":{"line":116,"column":0},"end":{"line":116,"column":42}},"116":{"start":{"line":117,"column":0},"end":{"line":117,"column":11}},"118":{"start":{"line":119,"column":0},"end":{"line":119,"column":22}},"119":{"start":{"line":120,"column":0},"end":{"line":120,"column":19}},"120":{"start":{"line":121,"column":0},"end":{"line":121,"column":108}},"121":{"start":{"line":122,"column":0},"end":{"line":122,"column":36}},"122":{"start":{"line":123,"column":0},"end":{"line":123,"column":36}},"123":{"start":{"line":124,"column":0},"end":{"line":124,"column":54}},"124":{"start":{"line":125,"column":0},"end":{"line":125,"column":11}},"126":{"start":{"line":127,"column":0},"end":{"line":127,"column":21}},"127":{"start":{"line":128,"column":0},"end":{"line":128,"column":14}},"130":{"start":{"line":131,"column":0},"end":{"line":131,"column":102}},"132":{"start":{"line":133,"column":0},"end":{"line":133,"column":50}},"133":{"start":{"line":134,"column":0},"end":{"line":134,"column":15}},"134":{"start":{"line":135,"column":0},"end":{"line":135,"column":28}},"135":{"start":{"line":136,"column":0},"end":{"line":136,"column":57}},"136":{"start":{"line":137,"column":0},"end":{"line":137,"column":109}},"139":{"start":{"line":140,"column":0},"end":{"line":140,"column":54}},"140":{"start":{"line":141,"column":0},"end":{"line":141,"column":54}},"141":{"start":{"line":142,"column":0},"end":{"line":142,"column":23}},"144":{"start":{"line":145,"column":0},"end":{"line":145,"column":98}},"145":{"start":{"line":146,"column":0},"end":{"line":146,"column":18}},"149":{"start":{"line":150,"column":0},"end":{"line":150,"column":78}},"150":{"start":{"line":151,"column":0},"end":{"line":151,"column":16}},"151":{"start":{"line":152,"column":0},"end":{"line":152,"column":23}},"152":{"start":{"line":153,"column":0},"end":{"line":153,"column":41}},"153":{"start":{"line":154,"column":0},"end":{"line":154,"column":31}},"154":{"start":{"line":155,"column":0},"end":{"line":155,"column":30}},"155":{"start":{"line":156,"column":0},"end":{"line":156,"column":45}},"156":{"start":{"line":157,"column":0},"end":{"line":157,"column":32}},"157":{"start":{"line":158,"column":0},"end":{"line":158,"column":14}},"158":{"start":{"line":159,"column":0},"end":{"line":159,"column":115}},"159":{"start":{"line":160,"column":0},"end":{"line":160,"column":83}},"161":{"start":{"line":162,"column":0},"end":{"line":162,"column":135}},"162":{"start":{"line":163,"column":0},"end":{"line":163,"column":18}},"164":{"start":{"line":165,"column":0},"end":{"line":165,"column":125}},"165":{"start":{"line":166,"column":0},"end":{"line":166,"column":76}},"166":{"start":{"line":167,"column":0},"end":{"line":167,"column":14}},"167":{"start":{"line":168,"column":0},"end":{"line":168,"column":12}},"170":{"start":{"line":171,"column":0},"end":{"line":171,"column":19}},"171":{"start":{"line":172,"column":0},"end":{"line":172,"column":86}},"172":{"start":{"line":173,"column":0},"end":{"line":173,"column":38}},"173":{"start":{"line":174,"column":0},"end":{"line":174,"column":26}},"174":{"start":{"line":175,"column":0},"end":{"line":175,"column":27}},"176":{"start":{"line":177,"column":0},"end":{"line":177,"column":27}},"177":{"start":{"line":178,"column":0},"end":{"line":178,"column":40}},"178":{"start":{"line":179,"column":0},"end":{"line":179,"column":42}},"179":{"start":{"line":180,"column":0},"end":{"line":180,"column":25}},"180":{"start":{"line":181,"column":0},"end":{"line":181,"column":32}},"181":{"start":{"line":182,"column":0},"end":{"line":182,"column":29}},"182":{"start":{"line":183,"column":0},"end":{"line":183,"column":61}},"183":{"start":{"line":184,"column":0},"end":{"line":184,"column":18}},"184":{"start":{"line":185,"column":0},"end":{"line":185,"column":16}},"186":{"start":{"line":187,"column":0},"end":{"line":187,"column":23}},"187":{"start":{"line":188,"column":0},"end":{"line":188,"column":67}},"188":{"start":{"line":189,"column":0},"end":{"line":189,"column":40}},"189":{"start":{"line":190,"column":0},"end":{"line":190,"column":40}},"190":{"start":{"line":191,"column":0},"end":{"line":191,"column":46}},"191":{"start":{"line":192,"column":0},"end":{"line":192,"column":15}},"193":{"start":{"line":194,"column":0},"end":{"line":194,"column":25}},"195":{"start":{"line":196,"column":0},"end":{"line":196,"column":28}},"196":{"start":{"line":197,"column":0},"end":{"line":197,"column":21}},"199":{"start":{"line":200,"column":0},"end":{"line":200,"column":28}},"200":{"start":{"line":201,"column":0},"end":{"line":201,"column":81}},"201":{"start":{"line":202,"column":0},"end":{"line":202,"column":19}},"202":{"start":{"line":203,"column":0},"end":{"line":203,"column":34}},"203":{"start":{"line":204,"column":0},"end":{"line":204,"column":91}},"204":{"start":{"line":205,"column":0},"end":{"line":205,"column":13}},"206":{"start":{"line":207,"column":0},"end":{"line":207,"column":21}},"207":{"start":{"line":208,"column":0},"end":{"line":208,"column":59}},"208":{"start":{"line":209,"column":0},"end":{"line":209,"column":21}},"209":{"start":{"line":210,"column":0},"end":{"line":210,"column":27}},"210":{"start":{"line":211,"column":0},"end":{"line":211,"column":54}},"211":{"start":{"line":212,"column":0},"end":{"line":212,"column":51}},"212":{"start":{"line":213,"column":0},"end":{"line":213,"column":39}},"213":{"start":{"line":214,"column":0},"end":{"line":214,"column":47}},"214":{"start":{"line":215,"column":0},"end":{"line":215,"column":67}},"215":{"start":{"line":216,"column":0},"end":{"line":216,"column":19}},"217":{"start":{"line":218,"column":0},"end":{"line":218,"column":23}},"218":{"start":{"line":219,"column":0},"end":{"line":219,"column":23}},"219":{"start":{"line":220,"column":0},"end":{"line":220,"column":15}},"220":{"start":{"line":221,"column":0},"end":{"line":221,"column":19}},"221":{"start":{"line":222,"column":0},"end":{"line":222,"column":34}},"222":{"start":{"line":223,"column":0},"end":{"line":223,"column":91}},"223":{"start":{"line":224,"column":0},"end":{"line":224,"column":13}},"225":{"start":{"line":226,"column":0},"end":{"line":226,"column":21}},"226":{"start":{"line":227,"column":0},"end":{"line":227,"column":16}},"230":{"start":{"line":231,"column":0},"end":{"line":231,"column":15}},"231":{"start":{"line":232,"column":0},"end":{"line":232,"column":49}},"232":{"start":{"line":233,"column":0},"end":{"line":233,"column":27}},"233":{"start":{"line":234,"column":0},"end":{"line":234,"column":119}},"234":{"start":{"line":235,"column":0},"end":{"line":235,"column":9}},"236":{"start":{"line":237,"column":0},"end":{"line":237,"column":17}},"237":{"start":{"line":238,"column":0},"end":{"line":238,"column":13}},"238":{"start":{"line":239,"column":0},"end":{"line":239,"column":17}},"240":{"start":{"line":241,"column":0},"end":{"line":241,"column":2}},"242":{"start":{"line":243,"column":0},"end":{"line":243,"column":24}}},"s":{"0":1,"1":1,"2":1,"3":1,"4":1,"5":1,"6":1,"7":1,"8":1,"9":20,"10":20,"11":20,"12":20,"13":20,"14":20,"15":20,"18":20,"19":6,"20":6,"21":6,"22":6,"23":6,"24":6,"25":6,"26":6,"27":6,"28":20,"30":20,"31":0,"32":0,"33":0,"35":20,"36":6,"37":6,"38":6,"39":6,"40":6,"41":6,"42":20,"44":20,"45":6,"46":6,"47":6,"48":6,"49":6,"50":6,"51":0,"52":0,"53":6,"55":20,"56":1,"57":1,"58":1,"59":1,"60":1,"61":1,"62":0,"63":0,"64":1,"67":20,"68":3,"69":0,"70":0,"71":20,"74":20,"75":7,"76":7,"77":7,"78":1,"80":20,"83":20,"84":20,"85":20,"86":20,"88":20,"89":20,"90":20,"91":0,"94":20,"95":20,"96":20,"97":20,"99":20,"100":20,"101":20,"102":20,"103":20,"104":20,"106":20,"108":20,"110":20,"111":20,"112":20,"113":20,"114":20,"115":20,"116":20,"118":20,"119":20,"120":20,"121":20,"122":20,"123":20,"124":20,"126":20,"127":20,"130":20,"132":20,"133":20,"134":20,"135":20,"136":20,"139":20,"140":20,"141":20,"144":20,"145":20,"149":20,"150":20,"151":20,"152":20,"153":20,"154":20,"155":1,"156":1,"157":1,"158":20,"159":20,"161":20,"162":20,"164":20,"165":20,"166":20,"167":20,"170":20,"171":20,"172":20,"173":20,"174":20,"176":20,"177":20,"178":4,"179":6,"180":6,"181":6,"182":6,"183":6,"184":4,"186":16,"187":16,"188":16,"189":16,"190":16,"191":16,"193":16,"195":20,"196":20,"199":20,"200":0,"201":0,"202":0,"203":0,"204":0,"206":0,"207":0,"208":0,"209":0,"210":0,"211":0,"212":0,"213":0,"214":0,"215":0,"217":0,"218":0,"219":0,"220":0,"221":0,"222":0,"223":0,"225":0,"226":0,"230":20,"231":20,"232":20,"233":20,"234":20,"236":20,"237":20,"238":20,"240":20,"242":1},"branchMap":{"0":{"type":"branch","line":9,"loc":{"start":{"line":9,"column":17},"end":{"line":241,"column":2}},"locations":[{"start":{"line":9,"column":17},"end":{"line":241,"column":2}}]},"1":{"type":"branch","line":178,"loc":{"start":{"line":178,"column":35},"end":{"line":185,"column":16}},"locations":[{"start":{"line":178,"column":35},"end":{"line":185,"column":16}}]},"2":{"type":"branch","line":185,"loc":{"start":{"line":185,"column":15},"end":{"line":194,"column":25}},"locations":[{"start":{"line":185,"column":15},"end":{"line":194,"column":25}}]},"3":{"type":"branch","line":200,"loc":{"start":{"line":200,"column":22},"end":{"line":227,"column":16}},"locations":[{"start":{"line":200,"column":22},"end":{"line":227,"column":16}}]},"4":{"type":"branch","line":19,"loc":{"start":{"line":19,"column":12},"end":{"line":29,"column":5}},"locations":[{"start":{"line":19,"column":12},"end":{"line":29,"column":5}}]},"5":{"type":"branch","line":20,"loc":{"start":{"line":20,"column":31},"end":{"line":25,"column":6}},"locations":[{"start":{"line":20,"column":31},"end":{"line":25,"column":6}}]},"6":{"type":"branch","line":22,"loc":{"start":{"line":22,"column":23},"end":{"line":22,"column":42}},"locations":[{"start":{"line":22,"column":23},"end":{"line":22,"column":42}}]},"7":{"type":"branch","line":23,"loc":{"start":{"line":23,"column":45},"end":{"line":23,"column":64}},"locations":[{"start":{"line":23,"column":45},"end":{"line":23,"column":64}}]},"8":{"type":"branch","line":28,"loc":{"start":{"line":28,"column":11},"end":{"line":28,"column":74}},"locations":[{"start":{"line":28,"column":11},"end":{"line":28,"column":74}}]},"9":{"type":"branch","line":36,"loc":{"start":{"line":36,"column":12},"end":{"line":43,"column":5}},"locations":[{"start":{"line":36,"column":12},"end":{"line":43,"column":5}}]},"10":{"type":"branch","line":45,"loc":{"start":{"line":45,"column":21},"end":{"line":54,"column":4}},"locations":[{"start":{"line":45,"column":21},"end":{"line":54,"column":4}}]},"11":{"type":"branch","line":50,"loc":{"start":{"line":50,"column":24},"end":{"line":50,"column":35}},"locations":[{"start":{"line":50,"column":24},"end":{"line":50,"column":35}}]},"12":{"type":"branch","line":51,"loc":{"start":{"line":51,"column":4},"end":{"line":53,"column":5}},"locations":[{"start":{"line":51,"column":4},"end":{"line":53,"column":5}}]},"13":{"type":"branch","line":56,"loc":{"start":{"line":56,"column":27},"end":{"line":65,"column":4}},"locations":[{"start":{"line":56,"column":27},"end":{"line":65,"column":4}}]},"14":{"type":"branch","line":62,"loc":{"start":{"line":62,"column":4},"end":{"line":64,"column":5}},"locations":[{"start":{"line":62,"column":4},"end":{"line":64,"column":5}}]},"15":{"type":"branch","line":61,"loc":{"start":{"line":61,"column":28},"end":{"line":61,"column":57}},"locations":[{"start":{"line":61,"column":28},"end":{"line":61,"column":57}}]},"16":{"type":"branch","line":68,"loc":{"start":{"line":68,"column":38},"end":{"line":72,"column":3}},"locations":[{"start":{"line":68,"column":38},"end":{"line":72,"column":3}}]},"17":{"type":"branch","line":69,"loc":{"start":{"line":69,"column":84},"end":{"line":71,"column":13}},"locations":[{"start":{"line":69,"column":84},"end":{"line":71,"column":13}}]},"18":{"type":"branch","line":75,"loc":{"start":{"line":75,"column":43},"end":{"line":81,"column":3}},"locations":[{"start":{"line":75,"column":43},"end":{"line":81,"column":3}}]},"19":{"type":"branch","line":78,"loc":{"start":{"line":78,"column":45},"end":{"line":79,"column":48}},"locations":[{"start":{"line":78,"column":45},"end":{"line":79,"column":48}}]},"20":{"type":"branch","line":155,"loc":{"start":{"line":155,"column":22},"end":{"line":158,"column":14}},"locations":[{"start":{"line":155,"column":22},"end":{"line":158,"column":14}}]},"21":{"type":"branch","line":179,"loc":{"start":{"line":179,"column":31},"end":{"line":184,"column":18}},"locations":[{"start":{"line":179,"column":31},"end":{"line":184,"column":18}}]},"22":{"type":"branch","line":183,"loc":{"start":{"line":183,"column":28},"end":{"line":183,"column":61}},"locations":[{"start":{"line":183,"column":28},"end":{"line":183,"column":61}}]},"23":{"type":"branch","line":232,"loc":{"start":{"line":232,"column":19},"end":{"line":232,"column":49}},"locations":[{"start":{"line":232,"column":19},"end":{"line":232,"column":49}}]}},"b":{"0":[20],"1":[4],"2":[16],"3":[0],"4":[6],"5":[6],"6":[0],"7":[0],"8":[6],"9":[6],"10":[6],"11":[0],"12":[0],"13":[1],"14":[0],"15":[1],"16":[3],"17":[0],"18":[7],"19":[1],"20":[1],"21":[6],"22":[1],"23":[1]},"fnMap":{"0":{"name":"AllNotes","decl":{"start":{"line":9,"column":17},"end":{"line":241,"column":2}},"loc":{"start":{"line":9,"column":17},"end":{"line":241,"column":2}},"line":9},"1":{"name":"updateNotesPerPage","decl":{"start":{"line":20,"column":31},"end":{"line":25,"column":6}},"loc":{"start":{"line":20,"column":31},"end":{"line":25,"column":6}},"line":20},"2":{"name":"handleLogout","decl":{"start":{"line":31,"column":23},"end":{"line":34,"column":4}},"loc":{"start":{"line":31,"column":23},"end":{"line":34,"column":4}},"line":31},"3":{"name":"fetchNotes","decl":{"start":{"line":45,"column":21},"end":{"line":54,"column":4}},"loc":{"start":{"line":45,"column":21},"end":{"line":54,"column":4}},"line":45},"4":{"name":"handleDeleteNote","decl":{"start":{"line":56,"column":27},"end":{"line":65,"column":4}},"loc":{"start":{"line":56,"column":27},"end":{"line":65,"column":4}},"line":56},"5":{"name":"handlePageClick","decl":{"start":{"line":89,"column":26},"end":{"line":89,"column":63}},"loc":{"start":{"line":89,"column":26},"end":{"line":89,"column":63}},"line":89},"6":{"name":"handlePrev","decl":{"start":{"line":90,"column":21},"end":{"line":90,"column":78}},"loc":{"start":{"line":90,"column":21},"end":{"line":90,"column":78}},"line":90},"7":{"name":"handleNext","decl":{"start":{"line":91,"column":21},"end":{"line":92,"column":64}},"loc":{"start":{"line":91,"column":21},"end":{"line":92,"column":64}},"line":91},"8":{"name":"onChange","decl":{"start":{"line":136,"column":20},"end":{"line":136,"column":57}},"loc":{"start":{"line":136,"column":20},"end":{"line":136,"column":57}},"line":136},"9":{"name":"onChange","decl":{"start":{"line":155,"column":22},"end":{"line":158,"column":14}},"loc":{"start":{"line":155,"column":22},"end":{"line":158,"column":14}},"line":155},"10":{"name":"onDelete","decl":{"start":{"line":183,"column":28},"end":{"line":183,"column":61}},"loc":{"start":{"line":183,"column":28},"end":{"line":183,"column":61}},"line":183},"11":{"name":"onClick","decl":{"start":{"line":232,"column":19},"end":{"line":232,"column":49}},"loc":{"start":{"line":232,"column":19},"end":{"line":232,"column":49}},"line":232}},"f":{"0":20,"1":6,"2":0,"3":6,"4":1,"5":0,"6":0,"7":0,"8":0,"9":1,"10":1,"11":1}}
,"D:\\zarish-fatima-mern-10pshine\\frontend\\src\\pages\\Dashboard.jsx": {"path":"D:\\zarish-fatima-mern-10pshine\\frontend\\src\\pages\\Dashboard.jsx","all":false,"statementMap":{"0":{"start":{"line":1,"column":0},"end":{"line":1,"column":51}},"1":{"start":{"line":2,"column":0},"end":{"line":2,"column":39}},"2":{"start":{"line":3,"column":0},"end":{"line":3,"column":47}},"3":{"start":{"line":4,"column":0},"end":{"line":4,"column":44}},"4":{"start":{"line":5,"column":0},"end":{"line":5,"column":46}},"5":{"start":{"line":6,"column":0},"end":{"line":6,"column":42}},"6":{"start":{"line":7,"column":0},"end":{"line":7,"column":42}},"7":{"start":{"line":8,"column":0},"end":{"line":8,"column":26}},"9":{"start":{"line":10,"column":0},"end":{"line":10,"column":25}},"10":{"start":{"line":11,"column":0},"end":{"line":11,"column":33}},"11":{"start":{"line":12,"column":0},"end":{"line":12,"column":41}},"12":{"start":{"line":13,"column":0},"end":{"line":13,"column":41}},"14":{"start":{"line":15,"column":0},"end":{"line":15,"column":17}},"15":{"start":{"line":16,"column":0},"end":{"line":16,"column":49}},"16":{"start":{"line":17,"column":0},"end":{"line":17,"column":18}},"17":{"start":{"line":18,"column":0},"end":{"line":18,"column":36}},"18":{"start":{"line":19,"column":0},"end":{"line":19,"column":15}},"20":{"start":{"line":21,"column":0},"end":{"line":21,"column":9}},"21":{"start":{"line":22,"column":0},"end":{"line":22,"column":65}},"22":{"start":{"line":23,"column":0},"end":{"line":23,"column":22}},"24":{"start":{"line":25,"column":0},"end":{"line":25,"column":56}},"25":{"start":{"line":26,"column":0},"end":{"line":26,"column":65}},"26":{"start":{"line":27,"column":0},"end":{"line":27,"column":10}},"27":{"start":{"line":28,"column":0},"end":{"line":28,"column":30}},"28":{"start":{"line":29,"column":0},"end":{"line":29,"column":8}},"29":{"start":{"line":30,"column":0},"end":{"line":30,"column":64}},"30":{"start":{"line":31,"column":0},"end":{"line":31,"column":3}},"31":{"start":{"line":32,"column":0},"end":{"line":32,"column":7}},"32":{"start":{"line":33,"column":0},"end":{"line":33,"column":30}},"33":{"start":{"line":34,"column":0},"end":{"line":34,"column":36}},"34":{"start":{"line":35,"column":0},"end":{"line":35,"column":23}},"35":{"start":{"line":36,"column":0},"end":{"line":36,"column":4}},"37":{"start":{"line":38,"column":0},"end":{"line"
[...]
column":0},"end":{"line":190,"column":51}},"190":{"start":{"line":191,"column":0},"end":{"line":191,"column":89}},"191":{"start":{"line":192,"column":0},"end":{"line":192,"column":15}},"193":{"start":{"line":194,"column":0},"end":{"line":194,"column":23}},"194":{"start":{"line":195,"column":0},"end":{"line":195,"column":21}},"195":{"start":{"line":196,"column":0},"end":{"line":196,"column":38}},"196":{"start":{"line":197,"column":0},"end":{"line":197,"column":87}},"197":{"start":{"line":198,"column":0},"end":{"line":198,"column":15}},"199":{"start":{"line":200,"column":0},"end":{"line":200,"column":23}},"200":{"start":{"line":201,"column":0},"end":{"line":201,"column":18}},"201":{"start":{"line":202,"column":0},"end":{"line":202,"column":23}},"202":{"start":{"line":203,"column":0},"end":{"line":203,"column":14}},"204":{"start":{"line":205,"column":0},"end":{"line":205,"column":17}},"206":{"start":{"line":207,"column":0},"end":{"line":207,"column":2}},"208":{"start":{"line":209,"column":0},"end":{"line":209,"column":24}}},"s":{"0":1,"1":1,"2":1,"3":1,"4":1,"5":1,"6":1,"7":1,"10":1,"11":7,"12":7,"14":7,"15":7,"16":7,"17":7,"18":7,"19":7,"20":7,"21":7,"23":7,"24":7,"25":7,"26":7,"27":7,"30":7,"31":0,"32":0,"33":0,"34":0,"35":0,"36":0,"37":0,"38":0,"39":0,"40":0,"41":0,"43":0,"45":0,"46":0,"47":0,"48":0,"49":0,"50":0,"51":0,"52":0,"53":0,"54":0,"55":0,"56":0,"59":7,"60":0,"61":0,"62":0,"63":0,"64":0,"65":0,"67":0,"69":0,"70":0,"71":0,"72":0,"73":0,"74":0,"77":7,"78":1,"79":1,"80":1,"81":1,"83":7,"84":7,"85":7,"86":7,"87":7,"88":7,"90":7,"93":7,"95":7,"96":7,"97":7,"98":7,"99":7,"100":7,"101":7,"104":7,"105":7,"107":7,"108":7,"111":7,"112":7,"113":7,"114":7,"115":7,"117":7,"118":7,"119":7,"120":7,"122":7,"123":10,"124":10,"125":10,"126":10,"127":10,"128":10,"129":10,"130":10,"131":10,"132":10,"133":10,"134":10,"135":10,"136":10,"137":10,"138":10,"139":10,"140":10,"141":10,"142":10,"143":10,"144":10,"161":10,"162":10,"164":10,"165":10,"167":10,"168":10,"169":10,"171":7,"172":7,"173":7,"176":7,"177":1,"178":1,"179":1,"180":1,"181":1,"183":1,"184":1,"186":1,"187":1,"188":1,"189":1,"190":1,"191":1,"193":1,"194":1,"195":1,"196":1,"197":1,"199":1,"200":1,"201":1,"202":1,"204":7,"206":7,"208":1},"branchMap":{"0":{"type":"branch","line":11,"loc":{"start":{"line":11,"column":17},"end":{"line":207,"column":2}},"locations":[{"start":{"line":11,"column":17},"end":{"line":207,"column":2}}]},"1":{"type":"branch","line":177,"loc":{"start":{"line":177,"column":7},"end":{"line":203,"column":14}},"locations":[{"start":{"line":177,"column":7},"end":{"line":203,"column":14}}]},"2":{"type":"branch","line":78,"loc":{"start":{"line":78,"column":23},"end":{"line":82,"column":4}},"locations":[{"start":{"line":78,"column":23},"end":{"line":82,"column":4}}]},"3":{"type":"branch","line":123,"loc":{"start":{"line":123,"column":15},"end":{"line":170,"column":23}},"locations":[{"start":{"line":123,"column":15},"end":{"line":170,"column":23}}]},"4":{"type":"branch","line":166,"loc":{"start":{"line":166,"column":72},"end":{"line":166,"column":98}},"locations":[{"start":{"line":166,"column":72},"end":{"line":166,"column":98}}]},"5":{"type":"branch","line":190,"loc":{"start":{"line":190,"column":25},"end":{"line":190,"column":51}},"locations":[{"start":{"line":190,"column":25},"end":{"line":190,"column":51}}]}},"b":{"0":[7],"1":[1],"2":[1],"3":[10],"4":[1],"5":[1]},"fnMap":{"0":{"name":"Settings","decl":{"start":{"line":11,"column":17},"end":{"line":207,"column":2}},"loc":{"start":{"line":11,"column":17},"end":{"line":207,"column":2}},"line":11},"1":{"name":"handleChangePassword","decl":{"start":{"line":31,"column":31},"end":{"line":57,"column":4}},"loc":{"start":{"line":31,"column":31},"end":{"line":57,"column":4}},"line":31},"2":{"name":"handleDelete","decl":{"start":{"line":60,"column":23},"end":{"line":75,"column":4}},"loc":{"start":{"line":60,"column":23},"end":{"line":75,"column":4}},"line":60},"3":{"name":"handleLogout","decl":{"start":{"line":78,"column":23},"end":{"line":82,"column":4}},"loc":{"start":{"line":78,"column":23},"end":{"line":82,"column":4}},"line":78},"4":{"name":"children","decl":{"start":{"line":123,"column":15},"end":{"line":170,"column":23}},"loc":{"start":{"line":123,"column":15},"end":{"line":170,"column":23}},"line":123},"5":{"name":"onClick","decl":{"start":{"line":166,"column":72},"end":{"line":166,"column":98}},"loc":{"start":{"line":166,"column":72},"end":{"line":166,"column":98}},"line":166},"6":{"name":"onClick","decl":{"start":{"line":190,"column":25},"end":{"line":190,"column":51}},"loc":{"start":{"line":190,"column":25},"end":{"line":190,"column":51}},"line":190}},"f":{"0":7,"1":0,"2":0,"3":1,"4":10,"5":1,"6":1}}
,"D:\\zarish-fatima-mern-10pshine\\frontend\\src\\pages\\Signup.jsx": {"path":"D:\\zarish-fatima-mern-10pshine\\frontend\\src\\pages\\Signup.jsx","all":false,"statementMap":{"0":{"start":{"line":1,"column":0},"end":{"line":1,"column":26}},"1":{"start":{"line":2,"column":0},"end":{"line":2,"column":39}},"2":{"start":{"line":3,"column":0},"end":{"line":3,"column":35}},"3":{"start":{"line":4,"column":0},"end":{"line":4,"column":47}},"4":{"start":{"line":5,"column":0},"end":{"line":5,"column":42}},"5":{"start":{"line":6,"column":0},"end":{"line":6,"column":48}},"7":{"start":{"line":8,"column":0},"end":{"line":8,"column":22}},"8":{"start":{"line":9,"column":0},"end":{"line":9,"column":33}},"10":{"start":{"line":11,"column":0},"end":{"line":11,"column":32}},"11":{"start":{"line":12,"column":0},"end":{"line":12,"column":22}},"12":{"start":{"line":13,"column":0},"end":{"line":13,"column":68}},"13":{"start":{"line":14,"column":0},"end":{"line":14,"column":91}},"14":{"start":{"line":15,"column":0},"end":{"line":15,"column":58}},"15":{"start":{"line":16,"column":0},"end":{"line":16,"column":76}},"16":{"start":{"line":17,"column":0},"end":{"line":17,"column":45}},"17":{"start":{"line":18,"column":0},"end":{"line":18,"column":67}},"19":{"start":{"line":20,"column":0},"end":{"line":20,"column":66}},"21":{"start":{"line":22,"column":0},"end":{"line":22,"column":23}},"22":{"start":{"line":23,"column":0},"end":{"line":23,"column":93}},"23":{"start":{"line":24,"column":0},"end":{"line":24,"column":18}},"24":{"start":{"line":25,"column":0},"end":{"line":25,"column":4}},"26":{"start":{"line":27,"column":0},"end":{"line":27,"column":28}},"27":{"start":{"line":28,"column":0},"end":{"line":28,"column":61}},"28":{"start":{"line":29,"column":0},"end":{"line":29,"column":13}},"29":{"start":{"line":30,"column":0},"end":{"line":30,"column":63}},"30":{"start":{"line":31,"column":0},"end":{"line":31,"column":7}},"31":{"start":{"line":32,"column":0},"end":{"line":32,"column":70}},"32":{"start":{"line":33,"column":0},"end":{"line":33,"column":21}},"33":{"start":{"line":34,"column":0},"end":{"line":34,"column":54}},"34":{"start":{"line":35,"column":0},"end":{"line":35,"column":35}},"35":{"start":{"line":36,"column":0},"end":{"line":36,"column":7}},"37":{"start":{"line":38,"column":0},"end":{"line":38,"column":34}},"39":{"start":{"line":40,"column":0},"end":{"line":40,"column":18}},"40":{"start":{"line":41,"column":0},"end":{"line":41,"column":41}},"41":{"start":{"line":42,"column":0},"end":{"line":42,"column":12}},"42":{"start":{"line":43,"column":0},"end":{"line":43,"column":25}},"43":{"start":{"line":44,"column":0},"end":{"line":44,"column":5}},"44":{"start":{"line":45,"column":0},"end":{"line":45,"column":17}},"45":{"start":{"line":46,"column":0},"end":{"line":46,"column":23}},"46":{"start":{"line":47,"column":0},"end":{"line":47,"column":13}},"47":{"start":{"line":48,"column":0},"end":{"line":48,"column":25}},"48":{"start":{"line":49,"column":0},"end":{"line":49,"column":3}},"49":{"start":{"line":50,"column":0},"end":{"line":50,"column":2}},"51":{"start":{"line":52,"column":0},"end":{"line":52,"column":5}},"53":{"start":{"line":54,"column":0},"end":{"line":54,"column":29}},"54":{"start":{"line":55,"column":0},"end":{"line":55,"column":27}},"55":{"start":{"line":56,"column":0},"end":{"line":56,"column":87}},"56":{"start":{"line":57,"column":0},"end":{"line":57,"column":4}},"58":{"start":{"line":59,"column":0},"end":{"line":59,"column":24}},"59":{"start":{"line":60,"column":0},"end":{"line":60,"column":34}},"60":{"start":{"line":61,"column":0},"end":{"line":61,"column":82}},"61":{"start":{"line":62,"column":0},"end":{"line":62,"column":4}},"63":{"start":{"line":64,"column":0},"end":{"line":64,"column":10}},"64":{"start":{"line":65,"column":0},"end":{"line":65,"column":69}},"65":{"start":{"line":66,"column":0},"end":{"line":66,"column":17}},"66":{"start":{"line":67,"column":0},"end":{"line":67,"column":80}},"67":{"start":{"line":68,"column":0},"end":{"line":68,"column":54}},"68":{"start":{"line":69,"column":0},"end":{"line":69,"column":48}},"69":{"start":{"line":70,"column":0},"end":{"line":70,"column":53}},"71":{"start":{"line":72,"column":0},"end":{"line":72,"column":19}},"72":{"start":{"line":73,"column":0},"end":{"line":73,"column":40}},"73":{"start":{"line":74,"column":0},"end":{"line":74,"column":37}},"74":{"start":{"line":75,"column":0},"end":{"line":75,"column":50}},"75":{"start":{"line":76,"column":0},"end":{"line":76,"column":41}},"76":{"start":{"line":77,"column":0},"end":{"line":77,"column":40}},"77":{"start":{"line":78,"column":0},"end":{"line":78,"column":40}},"78":{"start":{"line":79,"column":0},"end":{"line":79,"column":10}},"79":{"start":{"line":80,"column":0},"end":{"line":80,"column":19}},"81":{"start":{"line":82,"column":0},"end":{"line":82,"column":67}},"82":{"start":{"line":83,"column":0},"end":{"line":83,"column":19}},"83":{"start":{"line":84,"column":0},"end":{"line":84,"column":45}},"84":{"start":{"line":85,"column":0},"end":{"line":85,"column":38}},"85":{"start":{"line":86,"column":0},"end":{"line":86,"column":26}},"86":{"start":{"line":87,"column":0},"end":{"line":87,"column":27}},"88":{"start":{"line":89,"column":0},"end":{"line":89,"column":73}},"89":{"start":{"line":90,"column":0},"end":{"line":90,"column":22}},"90":{"start":{"line":91,"column":0},"end":{"line":91,"column":84}},"91":{"start":{"line":92,"column":0},"end":{"line":92,"column":46}},"92":{"start":{"line":93,"column":0},"end":{"line":93,"column":44}},"93":{"start":{"line":94,"column":0},"end":{"line":94,"column":44}},"94":{"start":{"line":95,"column":0},"end":{"line":95,"column":13}},"96":{"start":{"line":97,"column":0},"end":{"line":97,"column":24}},"97":{"start":{"line":98,"column":0},"end":{"line":98,"column":21}},"98":{"start":{"line":99,"column":0},"end":{"line":99,"column":110}},"99":{"start":{"line":100,"column":0},"end":{"line":100,"column":46}},"100":{"start":{"line":101,"column":0},"end":{"line":101,"column":44}},"101":{"start":{"line":102,"column":0},"end":{"line":102,"column":56}},"102":{"start":{"line":103,"column":0},"end":{"line":103,"column":13}},"104":{"start":{"line":105,"column":0},"end":{"line":105,"column":23}},"105":{"start":{"line":106,"column":0},"end":{"line":106,"column":23}},"107":{"start":{"line":108,"column":0},"end":{"line":108,"column":100}},"108":{"start":{"line":109,"column":0},"end":{"line":109,"column":22}},"109":{"start":{"line":110,"column":0},"end":{"line":110,"column":31}},"110":{"start":{"line":111,"column":0},"end":{"line":111,"column":29}},"111":{"start":{"line":112,"column":0},"end":{"line":112,"column":25}},"112":{"start":{"line":113,"column":0},"end":{"line":113,"column":48}},"113":{"start":{"line":114,"column":0},"end":{"line":114,"column":29}},"114":{"start":{"line":115,"column":0},"end":{"line":115,"column":82}},"115":{"start":{"line":116,"column":0},"end":{"line":116,"column":14}},"116":{"start":{"line":117,"column":0},"end":{"line":117,"column":22}},"117":{"start":{"line":118,"column":0},"end":{"line":118,"column":27}},"118":{"start":{"line":119,"column":0},"end":{"line":119,"column":26}},"119":{"start":{"line":120,"column":0},"end":{"line":120,"column":26}},"120":{"start":{"line":121,"column":0},"end":{"line":121,"column":52}},"121":{"start":{"line":122,"column":0},"end":{"line":122,"column":29}},"122":{"start":{"line":123,"column":0},"end":{"line":123,"column":82}},"123":{"start":{"line":124,"column":0},"end":{"line":124,"column":14}},"124":{"start":{"line":125,"column":0},"end":{"line":125,"column":22}},"125":{"start":{"line":126,"column":0},"end":{"line":126,"column":30}},"126":{"start":{"line":127,"column":0},"end":{"line":127,"column":29}},"127":{"start":{"line":128,"column":0},"end":{"line":128,"column":29}},"128":{"start":{"line":129,"column":0},"end":{"line":129,"column":45}},"129":{"start":{"line":130,"column":0},"end":{"line":130,"column":29}},"130":{"start":{"line":131,"column":0},"end":{"line":131,"column":82}},"131":{"start":{"line":132,"column":0},"end":{"line":132,"column":14}},"132":{"start":{"line":133,"column":0},"end":{"line":133,"column":65}},"133":{"start":{"line":134,"column":0},"end":{"line":134,"column":21}},"134":{"start":{"line":135,"column":0},"end":{"line":135,"column":29}},"135":{"start":{"line":136,"column":0},"end":{"line":136,"column":46}},"136":{"start":{"line":137,"column":0},"end":{"line":137,"column":33}},"137":{"start":{"line":138,"column":0},"end":{"line":138,"column":41}},"138":{"start":{"line":139,"column":0},"end":{"line":139,"column":44}},"139":{"start":{"line":140,"column":0},"end":{"line":140,"column":42}},"141":{"start":{"line":142,"column":0},"end":{"line":142,"column":67}},"142":{"start":{"line":143,"column":0},"end":{"line":143,"column":23}},"143":{"start":{"line":144,"column":0},"end":{"line":144,"column":25}},"144":{"start":{"line":145,"column":0},"end":{"line":145,"column":24}},"146":{"start":{"line":147,"column":0},"end":{"line":147,"column":85}},"147":{"start":{"line":148,"column":0},"end":{"line":148,"column":21}},"148":{"start":{"line":149,"column":0},"end":{"line":149,"column":45}},"149":{"start":{"line":150,"column":0},"end":{"line":150,"column":44}},"150":{"start":{"line":151,"column":0},"end":{"line":151,"column":56}},"151":{"start":{"line":152,"column":0},"end":{"line":152,"column":39}},"152":{"start":{"line":153,"column":0},"end":{"line":153,"column":13}},"153":{"start":{"line":154,"column":0},"end":{"line":154,"column":43}},"154":{"start":{"line":155,"column":0},"end":{"line":155,"column":21}},"155":{"start":{"line":156,"column":0},"end":{"line":156,"column":51}},"156":{"start":{"line":157,"column":0},"end":{"line":157,"column":106}},"157":{"start":{"line":158,"column":0},"end":{"line":158,"column":15}},"159":{"start":{"line":160,"column":0},"end":{"line":160,"column":23}},"160":{"start":{"line":161,"column":0},"end":{"line":161,"column":23}},"161":{"start":{"line":162,"column":0},"end":{"line":162,"column":23}},"162":{"start":{"line":163,"column":0},"end":{"line":163,"column":21}},"163":{"start":{"line":164,"column":0},"end":{"line":164,"column":12}},"164":{"start":{"line":165,"column":0},"end":{"line":165,"column":10}},"166":{"start":{"line":167,"column":0},"end":{"line":167,"column":2}},"168":{"start":{"line":169,"column":0},"end":{"line":169,"column":22}}},"s":{"0":1,"1":1,"2":1,"3":1,"4":1,"5":1,"7":1,"8":21,"10":21,"11":9,"12":9,"13":8,"14":9,"15":6,"16":6,"17":9,"19":4,"21":4,"22":0,"23":9,"24":9,"26":21,"27":21,"28":21,"29":21,"30":2,"31":2,"32":2,"33":2,"34":2,"35":2,"37":2,"39":2,"40":1,"41":1,"42":1,"43":1,"44":2,"45":0,"46":2,"47":2,"48":2,"49":2,"51":21,"53":21,"54":21,"55":21,"56":21,"58":21,"59":21,"60":21,"61":21,"63":21,"64":21,"65":21,"66":21,"67":21,"68":21,"69":21,"71":21,"72":21,"73":21,"74":21,"75":21,"76":21,"77":21,"78":21,"79":21,"81":21,"82":21,"83":21,"84":21,"85":21,"86":21,"88":21,"89":21,"90":21,"91":21,"92":21,"93":21,"94":21,"96":21,"97":21,"98":21,"99":21,"100":21,"101":21,"102":21,"104":21,"105":21,"107":21,"108":21,"109":21,"110":21,"111":21,"112":21,"113":21,"114":21,"115":21,"116":21,"117":21,"118":21,"119":21,"120":21,"121":21,"122":21,"123":21,"124":21,"125":21,"126":21,"127":21,"128":21,"129":21,"130":21,"131":21,"132":21,"133":21,"134":21,"135":21,"136":21,"137":21,"138":21,"139":21,"141":21,"142":21,"143":21,"144":21,"146":21,"147":21,"148":21,"149":21,"150":21,"151":21,"152":21,"153":21,"154":21,"155":21,"156":21,"157":21,"159":21,"160":21,"161":21,"162":21,"163":21,"164":21,"166":21,"168":1},"branchMap":{"0":{"type":"branch","line":8,"loc":{"start":{"line":8,"column":15},"end":{"line":167,"column":2}},"locations":[{"start":{"line":8,"column":15},"end":{"line":167,"column":2}}]},"1":{"type":"branch","line":142,"loc":{"start":{"line":142,"column":24},"end":{"line":142,"column":57}},"locations":[{"start":{"line":142,"column":24},"end":{"line":142,"column":57}}]},"2":{"type":"branch","line":142,"loc":{"start":{"line":142,"column":39},"end":{"line":142,"column":67}},"locations":[{"start":{"line":142,"column":39},"end":{"line":142,"column":67}}]},"3":{"type":"branch","line":11,"loc":{"start":{"line":11,"column":19},"end":{"line":25,"column":4}},"locations":[{"start":{"line":11,"column":19},"end":{"line":25,"column":4}}]},"4":{"type":"branch","line":13,"loc":{"start":{"line":13,"column":26},"end":{"line":13,"column":68}},"locations":[{"start":{"line":13,"column":26},"end":{"line":13,"column":68}}]},"5":{"type":"branch","line":13,"loc":{"start":{"line":13,"column":44},"end":{"line":14,"column":91}},"locations":[{"start":{"line":13,"column":44},"end":{"line":14,"column":91}}]},"6":{"type":"branch","line":14,"loc":{"start":{"line":14,"column":41},"end":{"line":14,"column":91}},"locations":[{"start":{"line":14,"column":41},"end":{"line":14,"column":91}}]},"7":{"type":"branch","line":15,"loc":{"start":{"line":15,"column":23},"end":{"line":15,"column":58}},"locations":[{"start":{"line":15,"column":23},"end":{"line":15,"column":58}}]},"8":{"type":"branch","line":15,"loc":{"start":{"line":15,"column":38},"end":{"line":17,"column":45}},"locations":[{"start":{"line":15,"column":38},"end":{"line":17,"column":45}}]},"9":{"type":"branch","line":17,"loc":{"start":{"line":17,"column":6},"end":{"line":17,"column":45}},"locations":[{"start":{"line":17,"column":6},"end":{"line":17,"column":45}}]},"10":{"type":"branch","line":18,"loc":{"start":{"line":18,"column":26},"end":{"line":18,"column":67}},"locations":[{"start":{"line":18,"column":26},"end":{"line":18,"column":67}}]},"11":{"type":"branch","line":18,"loc":{"start":{"line":18,"column":44},"end":{"line":23,"column":93}},"locations":[{"start":{"line":18,"column":44},"end":{"line":23,"column":93}}]},"12":{"type":"branch","line":22,"loc":{"start":{"line":22,"column":6},"end":{"line":23,"column":93}},"locations":[{"start":{"line":22,"column":6},"end":{"line":23,"column":93}}]},"13":{"type":"branch","line":30,"loc":{"start":{"line":30,"column":14},"end":{"line":50,"column":2}},"locations":[{"start":{"line":30,"column":14},"end":{"line":50,"column":2}}]},"14":{"type":"branch","line":40,"loc":{"start":{"line":40,"column":17},"end":{"line":44,"column":5}},"locations":[{"start":{"line":40,"column":17},"end":{"line":44,"column":5}}]},"15":{"type":"branch","line":45,"loc":{"start":{"line":45,"column":2},"end":{"line":47,"column":4}},"locations":[{"start":{"line":45,"column":2},"end":{"line":47,"column":4}}]}},"b":{"0":[21],"1":[6],"2":[15],"3":[9],"4":[1],"5":[8],"6":[0],"7":[3],"8":[6],"9":[0],"10":[5],"11":[4],"12":[0],"13":[2],"14":[1],"15":[0]},"fnMap":{"0":{"name":"Signup","decl":{"start":{"line":8,"column":15},"end":{"line":167,"column":2}},"loc":{"start":{"line":8,"column":15},"end":{"line":167,"column":2}},"line":8},"1":{"name":"validate","decl":{"start":{"line":11,"column":19},"end":{"line":25,"column":4}},"loc":{"start":{"line":11,"column":19},"end":{"line":25,"column":4}},"line":11},"2":{"name":"onSubmit","decl":{"start":{"line":30,"column":14},"end":{"line":50,"column":2}},"loc":{"start":{"line":30,"column":14},"end":{"line":50,"column":2}},"line":30},"3":{"name":"onClick","decl":{"start":{"line":156,"column":25},"end":{"line":156,"column":51}},"loc":{"start":{"line":156,"column":25},"end":{"line":156,"column":51}},"line":156}},"f":{"0":21,"1":9,"2":2,"3":0}}
}
