TN:
SF:controllers\forgot-resetController.js
FN:7,(anonymous_0)
FN:49,(anonymous_1)
FNF:2
FNH:2
FNDA:2,(anonymous_0)
FNDA:2,(anonymous_1)
DA:1,1
DA:2,1
DA:3,1
DA:4,1
DA:7,1
DA:8,2
DA:9,2
DA:10,2
DA:11,2
DA:13,1
DA:14,1
DA:15,1
DA:16,1
DA:18,1
DA:20,1
DA:28,1
DA:41,1
DA:43,0
DA:44,0
DA:49,1
DA:50,2
DA:51,2
DA:52,2
DA:54,2
DA:59,2
DA:61,1
DA:62,1
DA:63,1
DA:64,1
DA:66,1
DA:68,1
DA:70,0
DA:71,0
LF:33
LH:29
BRDA:11,0,0,1
BRDA:11,0,1,1
BRDA:59,1,0,1
BRDA:59,1,1,1
BRF:4
BRH:4
end_of_record
TN:
SF:controllers\loginController.js
FN:5,(anonymous_0)
FNF:1
FNH:1
FNDA:4,(anonymous_0)
DA:1,1
DA:2,1
DA:3,1
DA:5,1
DA:6,4
DA:7,4
DA:8,4
DA:10,4
DA:11,3
DA:12,1
DA:13,1
DA:16,2
DA:17,2
DA:18,1
DA:19,1
DA:22,1
DA:23,1
DA:33,1
DA:34,1
LF:19
LH:19
BRDA:11,0,0,1
BRDA:11,0,1,2
BRDA:17,1,0,1
BRDA:17,1,1,1
BRF:4
BRH:4
end_of_record
TN:
SF:controllers\noteController.js
FN:5,(anonymous_0)
FN:38,(anonymous_1)
FN:60,(anonymous_2)
FN:95,(anonymous_3)
FNF:4
FNH:0
FNDA:0,(anonymous_0)
FNDA:0,(anonymous_1)
FNDA:0,(anonymous_2)
FNDA:0,(anonymous_3)
DA:1,1
DA:2,1
DA:5,1
DA:6,0
DA:7,0
DA:9,0
DA:10,0
DA:11,0
DA:14,0
DA:15,0
DA:16,0
DA:17,0
DA:20,0
DA:21,0
DA:23,0
DA:24,0
DA:26,0
DA:32,0
DA:33,0
DA:38,1
DA:39,0
DA:40,0
DA:41,0
DA:43,0
DA:44,0
DA:45,0
DA:48,0
DA:49,0
DA:54,0
DA:55,0
DA:60,1
DA:61,0
DA:62,0
DA:63,0
DA:65,0
DA:66,0
DA:67,0
DA:68,0
DA:71,0
DA:72,0
DA:73,0
DA:74,0
DA:77,0
DA:78,0
DA:80,0
DA:81,0
DA:83,0
DA:89,0
DA:90,0
DA:95,1
DA:96,0
DA:97,0
DA:99,0
DA:100,0
DA:101,0
DA:102,0
DA:105,0
DA:106,0
DA:107,0
DA:108,0
DA:111,0
DA:112,0
DA:114,0
DA:115,0
DA:117,0
DA:118,0
LF:66
LH:6
BRDA:9,0,0,0
BRDA:9,0,1,0
BRDA:9,1,0,0
BRDA:9,1,1,0
BRDA:15,2,0,0
BRDA:15,2,1,0
BRDA:43,3,0,0
BRDA:43,3,1,0
BRDA:51,4,0,0
BRDA:51,4,1,0
BRDA:66,5,0,0
BRDA:66,5,1,0
BRDA:72,6,0,0
BRDA:72,6,1,0
BRDA:77,7,0,0
BRDA:77,7,1,0
BRDA:78,8,0,0
BRDA:78,8,1,0
BRDA:100,9,0,0
BRDA:100,9,1,0
BRDA:106,10,0,0
BRDA:106,10,1,0
BRF:22
BRH:0
end_of_record
TN:
SF:controllers\profileController.js
FN:7,(anonymous_0)
FN:34,(anonymous_1)
FN:86,(anonymous_2)
FN:119,(anonymous_3)
FNF:4
FNH:4
FNDA:2,(anonymous_0)
FNDA:1,(anonymous_1)
FNDA:1,(anonymous_2)
FNDA:1,(anonymous_3)
DA:1,1
DA:2,1
DA:3,1
DA:4,1
DA:7,1
DA:8,2
DA:9,2
DA:10,2
DA:12,2
DA:13,2
DA:14,1
DA:15,1
DA:18,1
DA:19,1
DA:28,0
DA:29,0
DA:34,1
DA:35,1
DA:36,1
DA:37,1
DA:38,1
DA:40,1
DA:41,1
DA:42,0
DA:43,0
DA:46,1
DA:47,1
DA:50,1
DA:51,0
DA:52,0
DA:53,0
DA:55,0
DA:56,0
DA:57,1
DA:58,0
DA:59,0
DA:60,0
DA:62,0
DA:65,1
DA:66,1
DA:68,1
DA:80,0
DA:81,0
DA:86,1
DA:87,1
DA:88,1
DA:89,1
DA:91,1
DA:92,1
DA:93,0
DA:94,0
DA:97,1
DA:98,0
DA:99,0
DA:102,1
DA:103,0
DA:104,0
DA:107,1
DA:108,1
DA:110,1
DA:111,1
DA:113,0
DA:114,0
DA:119,1
DA:120,1
DA:121,1
DA:122,1
DA:124,1
DA:125,1
DA:126,0
DA:127,0
DA:130,1
DA:131,1
DA:132,1
DA:135,1
DA:136,1
DA:138,1
DA:139,1
DA:141,0
DA:142,0
LF:80
LH:53
BRDA:13,0,0,1
BRDA:13,0,1,1
BRDA:23,1,0,0
BRDA:23,1,1,1
BRDA:41,2,0,0
BRDA:41,2,1,1
BRDA:46,3,0,1
BRDA:46,3,1,0
BRDA:47,4,0,1
BRDA:47,4,1,0
BRDA:50,5,0,0
BRDA:50,5,1,1
BRDA:51,6,0,0
BRDA:51,6,1,0
BRDA:51,7,0,0
BRDA:51,7,1,0
BRDA:57,8,0,0
BRDA:57,8,1,1
BRDA:58,9,0,0
BRDA:58,9,1,0
BRDA:58,10,0,0
BRDA:58,10,1,0
BRDA:74,11,0,0
BRDA:74,11,1,1
BRDA:92,12,0,0
BRDA:92,12,1,1
BRDA:97,13,0,0
BRDA:97,13,1,1
BRDA:102,14,0,0
BRDA:102,14,1,1
BRDA:102,15,0,1
BRDA:102,15,1,0
BRDA:125,16,0,0
BRDA:125,16,1,1
BRDA:130,17,0,1
BRDA:130,17,1,0
BRDA:130,18,0,1
BRDA:130,18,1,1
BRF:38
BRH:17
end_of_record
TN:
SF:controllers\settingController.js
FN:6,(anonymous_0)
FN:55,(anonymous_1)
FNF:2
FNH:2
FNDA:3,(anonymous_0)
FNDA:2,(anonymous_1)
DA:1,1
DA:2,1
DA:3,1
DA:6,1
DA:7,3
DA:8,3
DA:9,3
DA:11,3
DA:12,3
DA:13,0
DA:14,0
DA:17,3
DA:18,3
DA:19,1
DA:20,1
DA:23,2
DA:24,1
DA:25,1
DA:28,1
DA:29,0
DA:30,0
DA:35,1
DA:36,1
DA:37,0
DA:38,0
DA:43,1
DA:44,1
DA:46,1
DA:47,1
DA:49,0
DA:50,0
DA:55,1
DA:56,2
DA:57,2
DA:58,2
DA:60,2
DA:61,2
DA:62,1
DA:63,1
DA:66,1
DA:67,1
DA:69,0
DA:70,0
LF:43
LH:33
BRDA:12,0,0,0
BRDA:12,0,1,3
BRDA:18,1,0,1
BRDA:18,1,1,2
BRDA:23,2,0,1
BRDA:23,2,1,1
BRDA:28,3,0,0
BRDA:28,3,1,1
BRDA:36,4,0,0
BRDA:36,4,1,1
BRDA:61,5,0,1
BRDA:61,5,1,1
BRF:12
BRH:9
end_of_record
TN:
SF:controllers\signupController.js
FN:5,(anonymous_0)
FNF:1
FNH:1
FNDA:5,(anonymous_0)
DA:1,1
DA:2,1
DA:3,1
DA:5,1
DA:6,5
DA:7,5
DA:8,5
DA:10,5
DA:11,5
DA:12,2
DA:13,2
DA:16,3
DA:18,3
DA:24,3
DA:25,3
DA:27,3
DA:29,0
DA:30,0
LF:18
LH:16
BRDA:11,0,0,2
BRDA:11,0,1,3
BRF:2
BRH:2
end_of_record
TN:
SF:models\User.js
FNF:0
FNH:0
DA:1,1
DA:4,1
DA:13,1
DA:28,1
LF:4
LH:4
BRF:0
BRH:0
end_of_record
TN:
SF:routes\authRoutes.js
FNF:0
FNH:0
DA:1,1
DA:2,1
DA:3,1
DA:4,1
DA:7,1
DA:8,1
DA:9,1
DA:10,1
DA:11,1
DA:12,1
DA:15,1
DA:16,1
DA:17,1
DA:18,1
DA:21,1
DA:22,1
DA:25,1
DA:26,1
DA:27,1
DA:28,1
DA:31,1
DA:32,1
DA:33,1
DA:34,1
DA:37,1
LF:25
LH:25
BRF:0
BRH:0
end_of_record
