{"D:\\zarish-fatima-mern-10pshine\\backend\\routes\\authRoutes.js":{"path":"D:\\zarish-fatima-mern-10pshine\\backend\\routes\\authRoutes.js","statementMap":{"0":{"start":{"line":1,"column":16},"end":{"line":1,"column":34}},"1":{"start":{"line":2,"column":15},"end":{"line":2,"column":31}},"2":{"start":{"line":3,"column":15},"end":{"line":3,"column":32}},"3":{"start":{"line":4,"column":15},"end":{"line":4,"column":43}},"4":{"start":{"line":7,"column":25},"end":{"line":7,"column":67}},"5":{"start":{"line":8,"column":22},"end":{"line":8,"column":63}},"6":{"start":{"line":9,"column":42},"end":{"line":9,"column":90}},"7":{"start":{"line":10,"column":27},"end":{"line":10,"column":70}},"8":{"start":{"line":11,"column":26},"end":{"line":11,"column":69}},"9":{"start":{"line":12,"column":23},"end":{"line":12,"column":63}},"10":{"start":{"line":15,"column":0},"end":{"line":15,"column":37}},"11":{"start":{"line":16,"column":0},"end":{"line":16,"column":33}},"12":{"start":{"line":17,"column":0},"end":{"line":17,"column":48}},"13":{"start":{"line":18,"column":0},"end":{"line":18,"column":53}},"14":{"start":{"line":21,"column":0},"end":{"line":21,"column":67}},"15":{"start":{"line":22,"column":0},"end":{"line":22,"column":65}},"16":{"start":{"line":25,"column":0},"end":{"line":25,"column":49}},"17":{"start":{"line":26,"column":0},"end":{"line":26,"column":76}},"18":{"start":{"line":27,"column":0},"end":{"line":27,"column":82}},"19":{"start":{"line":28,"column":0},"end":{"line":28,"column":66}},"20":{"start":{"line":31,"column":0},"end":{"line":31,"column":44}},"21":{"start":{"line":32,"column":0},"end":{"line":32,"column":60}},"22":{"start":{"line":33,"column":0},"end":{"line":33,"column":70}},"23":{"start":{"line":34,"column":0},"end":{"line":34,"column":73}},"24":{"start":{"line":37,"column":0},"end":{"line":37,"column":24}}},"fnMap":{},"branchMap":{},"s":{"0":1,"1":1,"2":1,"3":1,"4":1,"5":1,"6":1,"7":1,"8":1,"9":1,"10":1,"11":1,"12":1,"13":1,"14":1,"15":1,"16":1,"17":1,"18":1,"19":1,"20":1,"21":1,"22":1,"23":1,"24":1},"f":{},"b":{},"_coverageSchema":"1a1c01bbd47fc00a2c39e90264f33305004495a9","hash":"1c7457c09a49703bc46ff11ecba87ae85dfc5b12","contentHash":"757d5cdbb50bb19c293f8f72d8fcd67a8ea38a0b0c4f7b45fadd899756570587"},"D:\\zarish-fatima-mern-10pshine\\backend\\controllers\\signupController.js":{"path":"D:\\zarish-fatima-mern-10pshine\\backend\\controllers\\signupController.js","statementMap":{"0":{"start":{"line":1,"column":13},"end":{"line":1,"column":38}},"1":{"start":{"line":2,"column":15},"end":{"line":2,"column":34}},"2":{"start":{"line":3,"column":15},"end":{"line":3,"column":35}},"3":{"start":{"line":5,"column":0},"end":{"line":32,"column":2}},"4":{"start":{"line":6,"column":2},"end":{"line":31,"column":3}},"5":{"start":{"line":7,"column":42},"end":{"line":7,"column":50}},"6":{"start":{"line":8,"column":4},"end":{"line":8,"column":65}},"7":{"start":{"line":10,"column":25},"end":{"line":10,"column":54}},"8":{"start":{"line":11,"column":4},"end":{"line":14,"column":5}},"9":{"start":{"line":12,"column":6},"end":{"line":12,"column":79}},"10":{"start":{"line":13,"column":6},"end":{"line":13,"column":75}},"11":{"start":{"line":16,"column":27},"end":{"line":16,"column":58}},"12":{"start":{"line":18,"column":20},"end":{"line":22,"column":6}},"13":{"start":{"line":24,"column":4},"end":{"line":24,"column":25}},"14":{"start":{"line":25,"column":4},"end":{"line":25,"column":80}},"15":{"start":{"line":27,"column":4},"end":{"line":27,"column":70}},"16":{"start":{"line":29,"column":4},"end":{"line":29,"column":44}},"17":{"start":{"line":30,"column":4},"end":{"line":30,"column":54}}},"fnMap":{"0":{"name":"(anonymous_0)","decl":{"start":{"line":5,"column":23},"end":{"line":5,"column":24}},"loc":{"start":{"line":5,"column":43},"end":{"line":32,"column":1}},"line":5}},"branchMap":{"0":{"loc":{"start":{"line":11,"column":4},"end":{"line":14,"column":5}},"type":"if","locations":[{"start":{"line":11,"column":4},"end":{"line":14,"column":5}},{"start":{},"end":{}}],"line":11}},"s":{"0":1,"1":1,"2":1,"3":1,"4":5,"5":5,"6":5,"7":5,"8":5,"9":2,"10":2,"11":3,"12":3,"13":3,"14":3,"15":3,"16":0,"17":0},"f":{"0":5},"b":{"0":[2,3]},"_coverageSchema":"1a1c01bbd47fc00a2c39e90264f33305004495a9","hash":"792628447ecd55fd0670879fc0f431d25c2d1aef","contentHash":"6ab5f0ae60cc588c6aab71eeb8401e611015f640fc05d8d0ddd4f72dd4c0f44c"},"D:\\zarish-fatima-mern-10pshine\\backend\\models\\User.js":{"path":"D:\\zarish-fatima-mern-10pshine\\backend\\models\\User.js","statementMap":{"0":{"start":{"line":1,"column":17},"end":{"line":1,"column":36}},"1":{"start":{"line":4,"column":19},"end":{"line":10,"column":1}},"2":{"start":{"line":13,"column":19},"end":{"line":26,"column":1}},"3":{"start":{"line":28,"column":0},"end":{"line":28,"column":52}}},"fnMap":{},"branchMap":{},"s":{"0":1,"1":1,"2":1,"3":1},"f":{},"b":{},"_coverageSchema":"1a1c01bbd47fc00a2c39e90264f33305004495a9","hash":"55888dc27491fae9f740cfaf6cf6405462b73ced","contentHash":"4480eec3149e651dea5ad42f0b39f540ab4a165342a74b4c9482a24002d136d3"},"D:\\zarish-fatima-mern-10pshine\\backend\\controllers\\loginController.js":{"path":"D:\\zarish-fatima-mern-10pshine\\backend\\controllers\\loginController.js","statementMap":{"0":{"start":{"line":1,"column":13},"end":{"line":1,"column":38}},"1":{"start":{"line":2,"column":15},"end":{"line":2,"column":34}},"2":{"start":{"line":3,"column":15},"end":{"line":3,"column":35}},"3":{"start":{"line":5,"column":0},"end":{"line":36,"column":2}},"4":{"start":{"line":6,"column":2},"end":{"line":35,"column":3}},"5":{"start":{"line":7,"column":32},"end":{"line":7,"column":40}},"6":{"start":{"line":8,"column":4},"end":{"line":8,"column":53}},"7":{"start":{"line":10,"column":17},"end":{"line":10,"column":46}},"8":{"start":{"line":11,"column":4},"end":{"line":14,"column":5}},"9":{"start":{"line":12,"column":6},"end":{"line":12,"column":61}},"10":{"start":{"line":13,"column":6},"end":{"line":13,"column":76}},"11":{"start":{"line":16,"column":20},"end":{"line":16,"column":65}},"12":{"start":{"line":17,"column":4},"end":{"line":20,"column":5}},"13":{"start":{"line":18,"column":6},"end":{"line":18,"column":67}},"14":{"start":{"line":19,"column":6},"end":{"line":19,"column":76}},"15":{"start":{"line":22,"column":4},"end":{"line":22,"column":55}},"16":{"start":{"line":23,"column":4},"end":{"line":30,"column":7}},"17":{"start":{"line":33,"column":4},"end":{"line":33,"column":43}},"18":{"start":{"line":34,"column":4},"end":{"line":34,"column":54}}},"fnMap":{"0":{"name":"(anonymous_0)","decl":{"start":{"line":5,"column":20},"end":{"line":5,"column":21}},"loc":{"start":{"line":5,"column":40},"end":{"line":36,"column":1}},"line":5}},"branchMap":{"0":{"loc":{"start":{"line":11,"column":4},"end":{"line":14,"column":5}},"type":"if","locations":[{"start":{"line":11,"column":4},"end":{"line":14,"column":5}},{"start":{},"end":{}}],"line":11},"1":{"loc":{"start":{"line":17,"column":4},"end":{"line":20,"column":5}},"type":"if","locations":[{"start":{"line":17,"column":4},"end":{"line":20,"column":5}},{"start":{},"end":{}}],"line":17}},"s":{"0":1,"1":1,"2":1,"3":1,"4":4,"5":4,"6":4,"7":4,"8":3,"9":1,"10":1,"11":2,"12":2,"13":1,"14":1,"15":1,"16":1,"17":1,"18":1},"f":{"0":4},"b":{"0":[1,2],"1":[1,1]},"_coverageSchema":"1a1c01bbd47fc00a2c39e90264f33305004495a9","hash":"669f7e0ba8118e1ad9b6c09c7c637caa1874b7da","contentHash":"a3bc6ed805e2ae3cd0650e6e2b80425908b20b155bfc5d58d59832001f5b1a33"},"D:\\zarish-fatima-mern-10pshine\\backend\\controllers\\forgot-resetController.js":{"path":"D:\\zarish-fatima-mern-10pshine\\backend\\controllers\\forgot-resetController.js","statementMap":{"0":{"start":{"line":1,"column":13},"end":{"line":1,"column":38}},"1":{"start":{"line":2,"column":15},"end":{"line":2,"column":32}},"2":{"start":{"line":3,"column":19},"end":{"line":3,"column":40}},"3":{"start":{"line":4,"column":15},"end":{"line":4,"column":34}},"4":{"start":{"line":7,"column":0},"end":{"line":46,"column":2}},"5":{"start":{"line":8,"column":2},"end":{"line":45,"column":3}},"6":{"start":{"line":9,"column":22},"end":{"line":9,"column":30}},"7":{"start":{"line":10,"column":17},"end":{"line":10,"column":46}},"8":{"start":{"line":11,"column":4},"end":{"line":11,"column":74}},"9":{"start":{"line":11,"column":15},"end":{"line":11,"column":74}},"10":{"start":{"line":13,"column":23},"end":{"line":13,"column":61}},"11":{"start":{"line":14,"column":4},"end":{"line":14,"column":41}},"12":{"start":{"line":15,"column":4},"end":{"line":15,"column":59}},"13":{"start":{"line":16,"column":4},"end":{"line":16,"column":22}},"14":{"start":{"line":18,"column":21},"end":{"line":18,"column":73}},"15":{"start":{"line":20,"column":24},"end":{"line":26,"column":6}},"16":{"start":{"line":28,"column":4},"end":{"line":39,"column":7}},"17":{"start":{"line":41,"column":4},"end":{"line":41,"column":55}},"18":{"start":{"line":43,"column":4},"end":{"line":43,"column":51}},"19":{"start":{"line":44,"column":4},"end":{"line":44,"column":54}},"20":{"start":{"line":49,"column":0},"end":{"line":73,"column":2}},"21":{"start":{"line":50,"column":2},"end":{"line":72,"column":3}},"22":{"start":{"line":51,"column":22},"end":{"line":51,"column":32}},"23":{"start":{"line":52,"column":25},"end":{"line":52,"column":33}},"24":{"start":{"line":54,"column":17},"end":{"line":57,"column":6}},"25":{"start":{"line":59,"column":4},"end":{"line":59,"column":84}},"26":{"start":{"line":59,"column":15},"end":{"line":59,"column":84}},"27":{"start":{"line":61,"column":27},"end":{"line":61,"column":58}},"28":{"start":{"line":62,"column":4},"end":{"line":62,"column":35}},"29":{"start":{"line":63,"column":4},"end":{"line":63,"column":40}},"30":{"start":{"line":64,"column":4},"end":{"line":64,"column":41}},"31":{"start":{"line":66,"column":4},"end":{"line":66,"column":22}},"32":{"start":{"line":68,"column":4},"end":{"line":68,"column":55}},"33":{"start":{"line":70,"column":4},"end":{"line":70,"column":50}},"34":{"start":{"line":71,"column":4},"end":{"line":71,"column":54}}},"fnMap":{"0":{"name":"(anonymous_0)","decl":{"start":{"line":7,"column":25},"end":{"line":7,"column":26}},"loc":{"start":{"line":7,"column":45},"end":{"line":46,"column":1}},"line":7},"1":{"name":"(anonymous_1)","decl":{"start":{"line":49,"column":24},"end":{"line":49,"column":25}},"loc":{"start":{"line":49,"column":44},"end":{"line":73,"column":1}},"line":49}},"branchMap":{"0":{"loc":{"start":{"line":11,"column":4},"end":{"line":11,"column":74}},"type":"if","locations":[{"start":{"line":11,"column":4},"end":{"line":11,"column":74}},{"start":{},"end":{}}],"line":11},"1":{"loc":{"start":{"line":59,"column":4},"end":{"line":59,"column":84}},"type":"if","locations":[{"start":{"line":59,"column":4},"end":{"line":59,"column":84}},{"start":{},"end":{}}],"line":59}},"s":{"0":1,"1":1,"2":1,"3":1,"4":1,"5":2,"6":2,"7":2,"8":2,"9":1,"10":1,"11":1,"12":1,"13":1,"14":1,"15":1,"16":1,"17":1,"18":0,"19":0,"20":1,"21":2,"22":2,"23":2,"24":2,"25":2,"26":1,"27":1,"28":1,"29":1,"30":1,"31":1,"32":1,"33":0,"34":0},"f":{"0":2,"1":2},"b":{"0":[1,1],"1":[1,1]},"_coverageSchema":"1a1c01bbd47fc00a2c39e90264f33305004495a9","hash":"16a92fdb06c6ee6648777596b29992720c516bf3","contentHash":"2b29fac8017e3f92e170f4d14d03f0b135c3f516afdf690eb130a729d1b6055a"},"D:\\zarish-fatima-mern-10pshine\\backend\\controllers\\settingController.js":{"path":"D:\\zarish-fatima-mern-10pshine\\backend\\controllers\\settingController.js","statementMap":{"0":{"start":{"line":1,"column":13},"end":{"line":1,"column":38}},"1":{"start":{"line":2,"column":15},"end":{"line":2,"column":34}},"2":{"start":{"line":3,"column":15},"end":{"line":3,"column":35}},"3":{"start":{"line":6,"column":0},"end":{"line":52,"column":2}},"4":{"start":{"line":7,"column":2},"end":{"line":51,"column":3}},"5":{"start":{"line":8,"column":66},"end":{"line":8,"column":74}},"6":{"start":{"line":9,"column":4},"end":{"line":9,"column":65}},"7":{"start":{"line":11,"column":17},"end":{"line":11,"column":44}},"8":{"start":{"line":12,"column":4},"end":{"line":15,"column":5}},"9":{"start":{"line":13,"column":6},"end":{"line":13,"column":71}},"10":{"start":{"line":14,"column":6},"end":{"line":14,"column":65}},"11":{"start":{"line":17,"column":20},"end":{"line":17,"column":68}},"12":{"start":{"line":18,"column":4},"end":{"line":21,"column":5}},"13":{"start":{"line":19,"column":6},"end":{"line":19,"column":59}},"14":{"start":{"line":20,"column":6},"end":{"line":20,"column":76}},"15":{"start":{"line":23,"column":4},"end":{"line":26,"column":5}},"16":{"start":{"line":24,"column":6},"end":{"line":24,"column":56}},"17":{"start":{"line":25,"column":6},"end":{"line":25,"column":73}},"18":{"start":{"line":28,"column":4},"end":{"line":33,"column":5}},"19":{"start":{"line":29,"column":6},"end":{"line":29,"column":56}},"20":{"start":{"line":30,"column":6},"end":{"line":32,"column":74}},"21":{"start":{"line":35,"column":24},"end":{"line":35,"column":72}},"22":{"start":{"line":36,"column":4},"end":{"line":41,"column":5}},"23":{"start":{"line":37,"column":6},"end":{"line":37,"column":67}},"24":{"start":{"line":38,"column":6},"end":{"line":40,"column":78}},"25":{"start":{"line":43,"column":4},"end":{"line":43,"column":55}},"26":{"start":{"line":44,"column":4},"end":{"line":44,"column":22}},"27":{"start":{"line":46,"column":4},"end":{"line":46,"column":61}},"28":{"start":{"line":47,"column":4},"end":{"line":47,"column":59}},"29":{"start":{"line":49,"column":4},"end":{"line":49,"column":53}},"30":{"start":{"line":50,"column":4},"end":{"line":50,"column":54}},"31":{"start":{"line":55,"column":0},"end":{"line":72,"column":2}},"32":{"start":{"line":56,"column":2},"end":{"line":71,"column":3}},"33":{"start":{"line":57,"column":23},"end":{"line":57,"column":31}},"34":{"start":{"line":58,"column":4},"end":{"line":58,"column":63}},"35":{"start":{"line":60,"column":17},"end":{"line":60,"column":53}},"36":{"start":{"line":61,"column":4},"end":{"line":64,"column":5}},"37":{"start":{"line":62,"column":6},"end":{"line":62,"column":72}},"38":{"start":{"line":63,"column":6},"end":{"line":63,"column":65}},"39":{"start":{"line":66,"column":4},"end":{"line":66,"column":60}},"40":{"start":{"line":67,"column":4},"end":{"line":67,"column":27}},"41":{"start":{"line":69,"column":4},"end":{"line":69,"column":52}},"42":{"start":{"line":70,"column":4},"end":{"line":70,"column":54}}},"fnMap":{"0":{"name":"(anonymous_0)","decl":{"start":{"line":6,"column":25},"end":{"line":6,"column":26}},"loc":{"start":{"line":6,"column":45},"end":{"line":52,"column":1}},"line":6},"1":{"name":"(anonymous_1)","decl":{"start":{"line":55,"column":24},"end":{"line":55,"column":25}},"loc":{"start":{"line":55,"column":44},"end":{"line":72,"column":1}},"line":55}},"branchMap":{"0":{"loc":{"start":{"line":12,"column":4},"end":{"line":15,"column":5}},"type":"if","locations":[{"start":{"line":12,"column":4},"end":{"line":15,"column":5}},{"start":{},"end":{}}],"line":12},"1":{"loc":{"start":{"line":18,"column":4},"end":{"line":21,"column":5}},"type":"if","locations":[{"start":{"line":18,"column":4},"end":{"line":21,"column":5}},{"start":{},"end":{}}],"line":18},"2":{"loc":{"start":{"line":23,"column":4},"end":{"line":26,"column":5}},"type":"if","locations":[{"start":{"line":23,"column":4},"end":{"line":26,"column":5}},{"start":{},"end":{}}],"line":23},"3":{"loc":{"start":{"line":28,"column":4},"end":{"line":33,"column":5}},"type":"if","locations":[{"start":{"line":28,"column":4},"end":{"line":33,"column":5}},{"start":{},"end":{}}],"line":28},"4":{"loc":{"start":{"line":36,"column":4},"end":{"line":41,"column":5}},"type":"if","locations":[{"start":{"line":36,"column":4},"end":{"line":41,"column":5}},{"start":{},"end":{}}],"line":36},"5":{"loc":{"start":{"line":61,"column":4},"end":{"line":64,"column":5}},"type":"if","locations":[{"start":{"line":61,"column":4},"end":{"line":64,"column":5}},{"start":{},"end":{}}],"line":61}},"s":{"0":1,"1":1,"2":1,"3":1,"4":3,"5":3,"6":3,"7":3,"8":3,"9":0,"10":0,"11":3,"12":3,"13":1,"14":1,"15":2,"16":1,"17":1,"18":1,"19":0,"20":0,"21":1,"22":1,"23":0,"24":0,"25":1,"26":1,"27":1,"28":1,"29":0,"30":0,"31":1,"32":2,"33":2,"34":2,"35":2,"36":2,"37":1,"38":1,"39":1,"40":1,"41":0,"42":0},"f":{"0":3,"1":2},"b":{"0":[0,3],"1":[1,2],"2":[1,1],"3":[0,1],"4":[0,1],"5":[1,1]},"_coverageSchema":"1a1c01bbd47fc00a2c39e90264f33305004495a9","hash":"f9769be0b28427b6cf472f958d61c21d0ad10030","contentHash":"df9ea2f6698c48c14d92a906a9809df66da341486ce35d17d5739e65e4941380"},"D:\\zarish-fatima-mern-10pshine\\backend\\controllers\\profileController.js":{"path":"D:\\zarish-fatima-mern-10pshine\\backend\\controllers\\profileController.js","statementMap":{"0":{"start":{"line":1,"column":13},"end":{"line":1,"column":38}},"1":{"start":{"line":2,"column":11},"end":{"line":2,"column":24}},"2":{"start":{"line":3,"column":13},"end":{"line":3,"column":28}},"3":{"start":{"line":4,"column":15},"end":{"line":4,"column":35}},"4":{"start":{"line":7,"column":0},"end":{"line":31,"column":2}},"5":{"start":{"line":8,"column":2},"end":{"line":30,"column":3}},"6":{"start":{"line":9,"column":19},"end":{"line":9,"column":32}},"7":{"start":{"line":10,"column":4},"end":{"line":10,"column":53}},"8":{"start":{"line":12,"column":17},"end":{"line":12,"column":64}},"9":{"start":{"line":13,"column":4},"end":{"line":16,"column":5}},"10":{"start":{"line":14,"column":6},"end":{"line":14,"column":48}},"11":{"start":{"line":15,"column":6},"end":{"line":15,"column":65}},"12":{"start":{"line":18,"column":4},"end":{"line":18,"column":65}},"13":{"start":{"line":19,"column":4},"end":{"line":26,"column":7}},"14":{"start":{"line":28,"column":4},"end":{"line":28,"column":57}},"15":{"start":{"line":29,"column":4},"end":{"line":29,"column":74}},"16":{"start":{"line":34,"column":0},"end":{"line":83,"column":2}},"17":{"start":{"line":35,"column":2},"end":{"line":82,"column":3}},"18":{"start":{"line":36,"column":45},"end":{"line":36,"column":53}},"19":{"start":{"line":37,"column":19},"end":{"line":37,"column":32}},"20":{"start":{"line":38,"column":4},"end":{"line":38,"column":53}},"21":{"start":{"line":40,"column":17},"end":{"line":40,"column":44}},"22":{"start":{"line":41,"column":4},"end":{"line":44,"column":5}},"23":{"start":{"line":42,"column":6},"end":{"line":42,"column":59}},"24":{"start":{"line":43,"column":6},"end":{"line":43,"column":65}},"25":{"start":{"line":46,"column":4},"end":{"line":46,"column":43}},"26":{"start":{"line":46,"column":18},"end":{"line":46,"column":43}},"27":{"start":{"line":47,"column":4},"end":{"line":47,"column":34}},"28":{"start":{"line":47,"column":15},"end":{"line":47,"column":34}},"29":{"start":{"line":50,"column":4},"end":{"line":63,"column":5}},"30":{"start":{"line":51,"column":6},"end":{"line":54,"column":7}},"31":{"start":{"line":52,"column":8},"end":{"line":52,"column":34}},"32":{"start":{"line":53,"column":8},"end":{"line":53,"column":53}},"33":{"start":{"line":55,"column":6},"end":{"line":55,"column":33}},"34":{"start":{"line":56,"column":6},"end":{"line":56,"column":71}},"35":{"start":{"line":57,"column":11},"end":{"line":63,"column":5}},"36":{"start":{"line":58,"column":6},"end":{"line":61,"column":7}},"37":{"start":{"line":59,"column":8},"end":{"line":59,"column":34}},"38":{"start":{"line":60,"column":8},"end":{"line":60,"column":60}},"39":{"start":{"line":62,"column":6},"end":{"line":62,"column":24}},"40":{"start":{"line":65,"column":24},"end":{"line":65,"column":41}},"41":{"start":{"line":66,"column":4},"end":{"line":66,"column":60}},"42":{"start":{"line":68,"column":4},"end":{"line":78,"column":7}},"43":{"start":{"line":80,"column":4},"end":{"line":80,"column":57}},"44":{"start":{"line":81,"column":4},"end":{"line":81,"column":74}},"45":{"start":{"line":86,"column":0},"end":{"line":116,"column":2}},"46":{"start":{"line":87,"column":2},"end":{"line":115,"column":3}},"47":{"start":{"line":88,"column":19},"end":{"line":88,"column":32}},"48":{"start":{"line":89,"column":4},"end":{"line":89,"column":47}},"49":{"start":{"line":91,"column":17},"end":{"line":91,"column":44}},"50":{"start":{"line":92,"column":4},"end":{"line":95,"column":5}},"51":{"start":{"line":93,"column":6},"end":{"line":93,"column":65}},"52":{"start":{"line":94,"column":6},"end":{"line":94,"column":65}},"53":{"start":{"line":97,"column":4},"end":{"line":100,"column":5}},"54":{"start":{"line":98,"column":6},"end":{"line":98,"column":50}},"55":{"start":{"line":99,"column":6},"end":{"line":99,"column":67}},"56":{"start":{"line":102,"column":4},"end":{"line":105,"column":5}},"57":{"start":{"line":103,"column":6},"end":{"line":103,"column":32}},"58":{"start":{"line":104,"column":6},"end":{"line":104,"column":76}},"59":{"start":{"line":107,"column":4},"end":{"line":107,"column":31}},"60":{"start":{"line":108,"column":4},"end":{"line":108,"column":22}},"61":{"start":{"line":110,"column":4},"end":{"line":110,"column":78}},"62":{"start":{"line":111,"column":4},"end":{"line":111,"column":76}},"63":{"start":{"line":113,"column":4},"end":{"line":113,"column":51}},"64":{"start":{"line":114,"column":4},"end":{"line":114,"column":74}},"65":{"start":{"line":119,"column":0},"end":{"line":144,"column":2}},"66":{"start":{"line":120,"column":2},"end":{"line":143,"column":3}},"67":{"start":{"line":121,"column":19},"end":{"line":121,"column":32}},"68":{"start":{"line":122,"column":4},"end":{"line":122,"column":46}},"69":{"start":{"line":124,"column":17},"end":{"line":124,"column":44}},"70":{"start":{"line":125,"column":4},"end":{"line":128,"column":5}},"71":{"start":{"line":126,"column":6},"end":{"line":126,"column":66}},"72":{"start":{"line":127,"column":6},"end":{"line":127,"column":65}},"73":{"start":{"line":130,"column":4},"end":{"line":133,"column":5}},"74":{"start":{"line":131,"column":6},"end":{"line":131,"column":32}},"75":{"start":{"line":132,"column":6},"end":{"line":132,"column":52}},"76":{"start":{"line":135,"column":4},"end":{"line":135,"column":22}},"77":{"start":{"line":136,"column":4},"end":{"line":136,"column":22}},"78":{"start":{"line":138,"column":4},"end":{"line":138,"column":58}},"79":{"start":{"line":139,"column":4},"end":{"line":139,"column":56}},"80":{"start":{"line":141,"column":4},"end":{"line":141,"column":50}},"81":{"start":{"line":142,"column":4},"end":{"line":142,"column":74}}},"fnMap":{"0":{"name":"(anonymous_0)","decl":{"start":{"line":7,"column":21},"end":{"line":7,"column":22}},"loc":{"start":{"line":7,"column":41},"end":{"line":31,"column":1}},"line":7},"1":{"name":"(anonymous_1)","decl":{"start":{"line":34,"column":24},"end":{"line":34,"column":25}},"loc":{"start":{"line":34,"column":44},"end":{"line":83,"column":1}},"line":34},"2":{"name":"(anonymous_2)","decl":{"start":{"line":86,"column":22},"end":{"line":86,"column":23}},"loc":{"start":{"line":86,"column":42},"end":{"line":116,"column":1}},"line":86},"3":{"name":"(anonymous_3)","decl":{"start":{"line":119,"column":22},"end":{"line":119,"column":23}},"loc":{"start":{"line":119,"column":42},"end":{"line":144,"column":1}},"line":119}},"branchMap":{"0":{"loc":{"start":{"line":13,"column":4},"end":{"line":16,"column":5}},"type":"if","locations":[{"start":{"line":13,"column":4},"end":{"line":16,"column":5}},{"start":{},"end":{}}],"line":13},"1":{"loc":{"start":{"line":23,"column":13},"end":{"line":25,"column":14}},"type":"cond-expr","locations":[{"start":{"line":24,"column":10},"end":{"line":24,"column":70}},{"start":{"line":25,"column":10},"end":{"line":25,"column":14}}],"line":23},"2":{"loc":{"start":{"line":41,"column":4},"end":{"line":44,"column":5}},"type":"if","locations":[{"start":{"line":41,"column":4},"end":{"line":44,"column":5}},{"start":{},"end":{}}],"line":41},"3":{"loc":{"start":{"line":46,"column":4},"end":{"line":46,"column":43}},"type":"if","locations":[{"start":{"line":46,"column":4},"end":{"line":46,"column":43}},{"start":{},"end":{}}],"line":46},"4":{"loc":{"start":{"line":47,"column":4},"end":{"line":47,"column":34}},"type":"if","locations":[{"start":{"line":47,"column":4},"end":{"line":47,"column":34}},{"start":{},"end":{}}],"line":47},"5":{"loc":{"start":{"line":50,"column":4},"end":{"line":63,"column":5}},"type":"if","locations":[{"start":{"line":50,"column":4},"end":{"line":63,"column":5}},{"start":{"line":57,"column":11},"end":{"line":63,"column":5}}],"line":50},"6":{"loc":{"start":{"line":51,"column":6},"end":{"line":54,"column":7}},"type":"if","locations":[{"start":{"line":51,"column":6},"end":{"line":54,"column":7}},{"start":{},"end":{}}],"line":51},"7":{"loc":{"start":{"line":51,"column":10},"end":{"line":51,"column":49}},"type":"binary-expr","locations":[{"start":{"line":51,"column":10},"end":{"line":51,"column":20}},{"start":{"line":51,"column":24},"end":{"line":51,"column":49}}],"line":51},"8":{"loc":{"start":{"line":57,"column":11},"end":{"line":63,"column":5}},"type":"if","locations":[{"start":{"line":57,"column":11},"end":{"line":63,"column":5}},{"start":{},"end":{}}],"line":57},"9":{"loc":{"start":{"line":58,"column":6},"end":{"line":61,"column":7}},"type":"if","locations":[{"start":{"line":58,"column":6},"end":{"line":61,"column":7}},{"start":{},"end":{}}],"line":58},"10":{"loc":{"start":{"line":58,"column":10},"end":{"line":58,"column":49}},"type":"binary-expr","locations":[{"start":{"line":58,"column":10},"end":{"line":58,"column":20}},{"start":{"line":58,"column":24},"end":{"line":58,"column":49}}],"line":58},"11":{"loc":{"start":{"line":74,"column":15},"end":{"line":76,"column":16}},"type":"cond-expr","locations":[{"start":{"line":75,"column":12},"end":{"line":75,"column":79}},{"start":{"line":76,"column":12},"end":{"line":76,"column":16}}],"line":74},"12":{"loc":{"start":{"line":92,"column":4},"end":{"line":95,"column":5}},"type":"if","locations":[{"start":{"line":92,"column":4},"end":{"line":95,"column":5}},{"start":{},"end":{}}],"line":92},"13":{"loc":{"start":{"line":97,"column":4},"end":{"line":100,"column":5}},"type":"if","locations":[{"start":{"line":97,"column":4},"end":{"line":100,"column":5}},{"start":{},"end":{}}],"line":97},"14":{"loc":{"start":{"line":102,"column":4},"end":{"line":105,"column":5}},"type":"if","locations":[{"start":{"line":102,"column":4},"end":{"line":105,"column":5}},{"start":{},"end":{}}],"line":102},"15":{"loc":{"start":{"line":102,"column":8},"end":{"line":102,"column":47}},"type":"binary-expr","locations":[{"start":{"line":102,"column":8},"end":{"line":102,"column":18}},{"start":{"line":102,"column":22},"end":{"line":102,"column":47}}],"line":102},"16":{"loc":{"start":{"line":125,"column":4},"end":{"line":128,"column":5}},"type":"if","locations":[{"start":{"line":125,"column":4},"end":{"line":128,"column":5}},{"start":{},"end":{}}],"line":125},"17":{"loc":{"start":{"line":130,"column":4},"end":{"line":133,"column":5}},"type":"if","locations":[{"start":{"line":130,"column":4},"end":{"line":133,"column":5}},{"start":{},"end":{}}],"line":130},"18":{"loc":{"start":{"line":130,"column":8},"end":{"line":130,"column":47}},"type":"binary-expr","locations":[{"start":{"line":130,"column":8},"end":{"line":130,"column":18}},{"start":{"line":130,"column":22},"end":{"line":130,"column":47}}],"line":130}},"s":{"0":1,"1":1,"2":1,"3":1,"4":1,"5":2,"6":2,"7":2,"8":2,"9":2,"10":1,"11":1,"12":1,"13":1,"14":0,"15":0,"16":1,"17":1,"18":1,"19":1,"20":1,"21":1,"22":1,"23":0,"24":0,"25":1,"26":1,"27":1,"28":1,"29":1,"30":0,"31":0,"32":0,"33":0,"34":0,"35":1,"36":0,"37":0,"38":0,"39":0,"40":1,"41":1,"42":1,"43":0,"44":0,"45":1,"46":1,"47":1,"48":1,"49":1,"50":1,"51":0,"52":0,"53":1,"54":0,"55":0,"56":1,"57":0,"58":0,"59":1,"60":1,"61":1,"62":1,"63":0,"64":0,"65":1,"66":1,"67":1,"68":1,"69":1,"70":1,"71":0,"72":0,"73":1,"74":1,"75":1,"76":1,"77":1,"78":1,"79":1,"80":0,"81":0},"f":{"0":2,"1":1,"2":1,"3":1},"b":{"0":[1,1],"1":[0,1],"2":[0,1],"3":[1,0],"4":[1,0],"5":[0,1],"6":[0,0],"7":[0,0],"8":[0,1],"9":[0,0],"10":[0,0],"11":[0,1],"12":[0,1],"13":[0,1],"14":[0,1],"15":[1,0],"16":[0,1],"17":[1,0],"18":[1,1]},"_coverageSchema":"1a1c01bbd47fc00a2c39e90264f33305004495a9","hash":"8c84b93711ebd507fba3e2f1e697b3edf8594d11","contentHash":"5309324f8e649ca73c35e5cf77f52fce805bdc7ba82c947077232a4a0ee3a3c9"},"D:\\zarish-fatima-mern-10pshine\\backend\\controllers\\noteController.js":{"path":"D:\\zarish-fatima-mern-10pshine\\backend\\controllers\\noteController.js","statementMap":{"0":{"start":{"line":1,"column":13},"end":{"line":1,"column":38}},"1":{"start":{"line":2,"column":15},"end":{"line":2,"column":35}},"2":{"start":{"line":5,"column":0},"end":{"line":35,"column":2}},"3":{"start":{"line":6,"column":2},"end":{"line":34,"column":3}},"4":{"start":{"line":7,"column":39},"end":{"line":7,"column":47}},"5":{"start":{"line":9,"column":4},"end":{"line":12,"column":5}},"6":{"start":{"line":10,"column":6},"end":{"line":10,"column":61}},"7":{"start":{"line":11,"column":6},"end":{"line":11,"column":96}},"8":{"start":{"line":14,"column":17},"end":{"line":14,"column":44}},"9":{"start":{"line":15,"column":4},"end":{"line":18,"column":5}},"10":{"start":{"line":16,"column":6},"end":{"line":16,"column":54}},"11":{"start":{"line":17,"column":6},"end":{"line":17,"column":81}},"12":{"start":{"line":20,"column":4},"end":{"line":20,"column":40}},"13":{"start":{"line":21,"column":4},"end":{"line":21,"column":22}},"14":{"start":{"line":23,"column":20},"end":{"line":23,"column":53}},"15":{"start":{"line":24,"column":4},"end":{"line":24,"column":64}},"16":{"start":{"line":26,"column":4},"end":{"line":30,"column":7}},"17":{"start":{"line":32,"column":4},"end":{"line":32,"column":64}},"18":{"start":{"line":33,"column":4},"end":{"line":33,"column":90}},"19":{"start":{"line":38,"column":0},"end":{"line":57,"column":2}},"20":{"start":{"line":39,"column":2},"end":{"line":56,"column":3}},"21":{"start":{"line":40,"column":23},"end":{"line":40,"column":33}},"22":{"start":{"line":41,"column":17},"end":{"line":41,"column":60}},"23":{"start":{"line":43,"column":4},"end":{"line":46,"column":5}},"24":{"start":{"line":44,"column":6},"end":{"line":44,"column":68}},"25":{"start":{"line":45,"column":6},"end":{"line":45,"column":81}},"26":{"start":{"line":48,"column":4},"end":{"line":48,"column":73}},"27":{"start":{"line":49,"column":4},"end":{"line":52,"column":7}},"28":{"start":{"line":54,"column":4},"end":{"line":54,"column":65}},"29":{"start":{"line":55,"column":4},"end":{"line":55,"column":90}},"30":{"start":{"line":60,"column":0},"end":{"line":92,"column":2}},"31":{"start":{"line":61,"column":2},"end":{"line":91,"column":3}},"32":{"start":{"line":62,"column":31},"end":{"line":62,"column":41}},"33":{"start":{"line":63,"column":31},"end":{"line":63,"column":39}},"34":{"start":{"line":65,"column":17},"end":{"line":65,"column":44}},"35":{"start":{"line":66,"column":4},"end":{"line":69,"column":5}},"36":{"start":{"line":67,"column":6},"end":{"line":67,"column":58}},"37":{"start":{"line":68,"column":6},"end":{"line":68,"column":81}},"38":{"start":{"line":71,"column":17},"end":{"line":71,"column":38}},"39":{"start":{"line":72,"column":4},"end":{"line":75,"column":5}},"40":{"start":{"line":73,"column":6},"end":{"line":73,"column":74}},"41":{"start":{"line":74,"column":6},"end":{"line":74,"column":81}},"42":{"start":{"line":77,"column":4},"end":{"line":77,"column":34}},"43":{"start":{"line":77,"column":15},"end":{"line":77,"column":34}},"44":{"start":{"line":78,"column":4},"end":{"line":78,"column":40}},"45":{"start":{"line":78,"column":17},"end":{"line":78,"column":40}},"46":{"start":{"line":80,"column":4},"end":{"line":80,"column":22}},"47":{"start":{"line":81,"column":4},"end":{"line":81,"column":60}},"48":{"start":{"line":83,"column":4},"end":{"line":87,"column":7}},"49":{"start":{"line":89,"column":4},"end":{"line":89,"column":67}},"50":{"start":{"line":90,"column":4},"end":{"line":90,"column":90}},"51":{"start":{"line":95,"column":0},"end":{"line":120,"column":2}},"52":{"start":{"line":96,"column":2},"end":{"line":119,"column":3}},"53":{"start":{"line":97,"column":31},"end":{"line":97,"column":41}},"54":{"start":{"line":99,"column":17},"end":{"line":99,"column":44}},"55":{"start":{"line":100,"column":4},"end":{"line":103,"column":5}},"56":{"start":{"line":101,"column":6},"end":{"line":101,"column":58}},"57":{"start":{"line":102,"column":6},"end":{"line":102,"column":81}},"58":{"start":{"line":105,"column":17},"end":{"line":105,"column":38}},"59":{"start":{"line":106,"column":4},"end":{"line":109,"column":5}},"60":{"start":{"line":107,"column":6},"end":{"line":107,"column":84}},"61":{"start":{"line":108,"column":6},"end":{"line":108,"column":81}},"62":{"start":{"line":111,"column":4},"end":{"line":111,"column":21}},"63":{"start":{"line":112,"column":4},"end":{"line":112,"column":22}},"64":{"start":{"line":114,"column":4},"end":{"line":114,"column":60}},"65":{"start":{"line":115,"column":4},"end":{"line":115,"column":70}},"66":{"start":{"line":117,"column":4},"end":{"line":117,"column":67}},"67":{"start":{"line":118,"column":4},"end":{"line":118,"column":90}}},"fnMap":{"0":{"name":"(anonymous_0)","decl":{"start":{"line":5,"column":18},"end":{"line":5,"column":19}},"loc":{"start":{"line":5,"column":38},"end":{"line":35,"column":1}},"line":5},"1":{"name":"(anonymous_1)","decl":{"start":{"line":38,"column":19},"end":{"line":38,"column":20}},"loc":{"start":{"line":38,"column":39},"end":{"line":57,"column":1}},"line":38},"2":{"name":"(anonymous_2)","decl":{"start":{"line":60,"column":21},"end":{"line":60,"column":22}},"loc":{"start":{"line":60,"column":41},"end":{"line":92,"column":1}},"line":60},"3":{"name":"(anonymous_3)","decl":{"start":{"line":95,"column":21},"end":{"line":95,"column":22}},"loc":{"start":{"line":95,"column":41},"end":{"line":120,"column":1}},"line":95}},"branchMap":{"0":{"loc":{"start":{"line":9,"column":4},"end":{"line":12,"column":5}},"type":"if","locations":[{"start":{"line":9,"column":4},"end":{"line":12,"column":5}},{"start":{},"end":{}}],"line":9},"1":{"loc":{"start":{"line":9,"column":8},"end":{"line":9,"column":25}},"type":"binary-expr","locations":[{"start":{"line":9,"column":8},"end":{"line":9,"column":15}},{"start":{"line":9,"column":19},"end":{"line":9,"column":25}}],"line":9},"2":{"loc":{"start":{"line":15,"column":4},"end":{"line":18,"column":5}},"type":"if","locations":[{"start":{"line":15,"column":4},"end":{"line":18,"column":5}},{"start":{},"end":{}}],"line":15},"3":{"loc":{"start":{"line":43,"column":4},"end":{"line":46,"column":5}},"type":"if","locations":[{"start":{"line":43,"column":4},"end":{"line":46,"column":5}},{"start":{},"end":{}}],"line":43},"4":{"loc":{"start":{"line":51,"column":13},"end":{"line":51,"column":29}},"type":"binary-expr","locations":[{"start":{"line":51,"column":13},"end":{"line":51,"column":23}},{"start":{"line":51,"column":27},"end":{"line":51,"column":29}}],"line":51},"5":{"loc":{"start":{"line":66,"column":4},"end":{"line":69,"column":5}},"type":"if","locations":[{"start":{"line":66,"column":4},"end":{"line":69,"column":5}},{"start":{},"end":{}}],"line":66},"6":{"loc":{"start":{"line":72,"column":4},"end":{"line":75,"column":5}},"type":"if","locations":[{"start":{"line":72,"column":4},"end":{"line":75,"column":5}},{"start":{},"end":{}}],"line":72},"7":{"loc":{"start":{"line":77,"column":4},"end":{"line":77,"column":34}},"type":"if","locations":[{"start":{"line":77,"column":4},"end":{"line":77,"column":34}},{"start":{},"end":{}}],"line":77},"8":{"loc":{"start":{"line":78,"column":4},"end":{"line":78,"column":40}},"type":"if","locations":[{"start":{"line":78,"column":4},"end":{"line":78,"column":40}},{"start":{},"end":{}}],"line":78},"9":{"loc":{"start":{"line":100,"column":4},"end":{"line":103,"column":5}},"type":"if","locations":[{"start":{"line":100,"column":4},"end":{"line":103,"column":5}},{"start":{},"end":{}}],"line":100},"10":{"loc":{"start":{"line":106,"column":4},"end":{"line":109,"column":5}},"type":"if","locations":[{"start":{"line":106,"column":4},"end":{"line":109,"column":5}},{"start":{},"end":{}}],"line":106}},"s":{"0":1,"1":1,"2":1,"3":0,"4":0,"5":0,"6":0,"7":0,"8":0,"9":0,"10":0,"11":0,"12":0,"13":0,"14":0,"15":0,"16":0,"17":0,"18":0,"19":1,"20":0,"21":0,"22":0,"23":0,"24":0,"25":0,"26":0,"27":0,"28":0,"29":0,"30":1,"31":0,"32":0,"33":0,"34":0,"35":0,"36":0,"37":0,"38":0,"39":0,"40":0,"41":0,"42":0,"43":0,"44":0,"45":0,"46":0,"47":0,"48":0,"49":0,"50":0,"51":1,"52":0,"53":0,"54":0,"55":0,"56":0,"57":0,"58":0,"59":0,"60":0,"61":0,"62":0,"63":0,"64":0,"65":0,"66":0,"67":0},"f":{"0":0,"1":0,"2":0,"3":0},"b":{"0":[0,0],"1":[0,0],"2":[0,0],"3":[0,0],"4":[0,0],"5":[0,0],"6":[0,0],"7":[0,0],"8":[0,0],"9":[0,0],"10":[0,0]},"_coverageSchema":"1a1c01bbd47fc00a2c39e90264f33305004495a9","hash":"021afcbc934d2c883e604b70d284de6c2652ddeb","contentHash":"17a2dfdf1c2f6f68c8858f4f41521d00fe7c176ffaa0b48300ebcb4f2c03bd25"}}